2024-10-24 15:38:14.221 [info] Reading sessions from keychain...
2024-10-24 15:38:14.221 [info] Getting sessions for all scopes...
2024-10-24 15:38:14.221 [info] Getting sessions for all scopes...
2024-10-24 15:38:14.221 [info] Got 0 sessions for ...
2024-10-24 15:38:14.221 [info] Got 0 sessions for ...
2024-10-24 15:38:14.221 [info] Getting sessions for read:user,repo,user:email,workflow...
2024-10-24 15:38:14.221 [info] Got 0 sessions for read:user,repo,user:email,workflow...
2024-10-24 15:38:14.221 [info] Getting sessions for all scopes...
2024-10-24 15:38:14.221 [info] Got 0 sessions for ...
2024-10-24 15:38:14.221 [info] Getting sessions for all scopes...
2024-10-24 15:38:14.221 [info] Got 0 sessions for ...
2024-10-24 15:38:14.221 [info] Getting sessions for project,read:org,read:user,repo,user:email,workflow...
2024-10-24 15:38:14.221 [info] Got 0 sessions for project,read:org,read:user,repo,user:email,workflow...
2024-10-24 15:38:14.221 [info] Getting sessions for read:user...
2024-10-24 15:38:14.221 [info] Got 0 sessions for read:user...
2024-10-24 15:38:14.221 [info] Getting sessions for user:email...
2024-10-24 15:38:14.221 [info] Got 0 sessions for user:email...
2024-10-24 15:38:14.221 [info] Getting sessions for read:user,repo,user:email,workflow...
2024-10-24 15:38:14.221 [info] Got 0 sessions for read:user,repo,user:email,workflow...
2024-10-24 15:38:14.249 [info] Getting sessions for read:user,repo,user:email,workflow...
2024-10-24 15:38:14.249 [info] Got 0 sessions for read:user,repo,user:email,workflow...
2024-10-24 15:38:14.267 [info] Getting sessions for user:email...
2024-10-24 15:38:14.267 [info] Got 0 sessions for user:email...
2024-10-24 15:38:14.267 [info] Getting sessions for all scopes...
2024-10-24 15:38:14.267 [info] Got 0 sessions for ...
2024-10-24 15:38:14.351 [info] Getting sessions for read:user,repo,user:email...
2024-10-24 15:38:14.351 [info] Got 0 sessions for read:user,repo,user:email...
2024-10-24 15:38:14.352 [info] Getting sessions for user:email...
2024-10-24 15:38:14.352 [info] Got 0 sessions for user:email...
2024-10-24 15:38:14.354 [info] Getting sessions for read:user,repo,user:email,workflow...
2024-10-24 15:38:14.354 [info] Got 0 sessions for read:user,repo,user:email,workflow...
2024-10-24 15:38:14.354 [info] Getting sessions for all scopes...
2024-10-24 15:38:14.354 [info] Got 0 sessions for ...
2024-10-24 15:38:14.379 [info] Getting sessions for user:email...
2024-10-24 15:38:14.379 [info] Got 0 sessions for user:email...
2024-10-24 15:38:14.386 [info] Getting sessions for all scopes...
2024-10-24 15:38:14.386 [info] Got 0 sessions for ...
2024-10-24 15:38:14.387 [info] Getting sessions for user:email...
2024-10-24 15:38:14.387 [info] Got 0 sessions for user:email...
2024-10-24 15:38:14.390 [info] Getting sessions for all scopes...
2024-10-24 15:38:14.390 [info] Got 0 sessions for ...
2024-10-24 15:38:14.392 [info] Getting sessions for user:email...
2024-10-24 15:38:14.392 [info] Got 0 sessions for user:email...
2024-10-24 15:38:14.431 [info] Getting sessions for all scopes...
2024-10-24 15:38:14.431 [info] Got 0 sessions for ...
