2024-10-25 18:32:22.644 [info] Reading sessions from keychain...
2024-10-25 18:32:22.644 [info] Getting sessions for all scopes...
2024-10-25 18:32:22.644 [info] Getting sessions for all scopes...
2024-10-25 18:32:22.644 [info] Got 0 sessions for ...
2024-10-25 18:32:22.644 [info] Got 0 sessions for ...
2024-10-25 18:32:22.644 [info] Getting sessions for read:user,repo,user:email,workflow...
2024-10-25 18:32:22.644 [info] Got 0 sessions for read:user,repo,user:email,workflow...
2024-10-25 18:32:22.644 [info] Getting sessions for all scopes...
2024-10-25 18:32:22.644 [info] Got 0 sessions for ...
2024-10-25 18:32:22.644 [info] Getting sessions for all scopes...
2024-10-25 18:32:22.644 [info] Got 0 sessions for ...
2024-10-25 18:32:22.644 [info] Getting sessions for project,read:org,read:user,repo,user:email,workflow...
2024-10-25 18:32:22.644 [info] Got 0 sessions for project,read:org,read:user,repo,user:email,workflow...
2024-10-25 18:32:22.644 [info] Getting sessions for read:user...
2024-10-25 18:32:22.644 [info] Got 0 sessions for read:user...
2024-10-25 18:32:22.644 [info] Getting sessions for user:email...
2024-10-25 18:32:22.644 [info] Got 0 sessions for user:email...
2024-10-25 18:32:22.644 [info] Getting sessions for read:user,repo,user:email,workflow...
2024-10-25 18:32:22.644 [info] Got 0 sessions for read:user,repo,user:email,workflow...
2024-10-25 18:32:22.686 [info] Getting sessions for read:user,repo,user:email,workflow...
2024-10-25 18:32:22.686 [info] Got 0 sessions for read:user,repo,user:email,workflow...
2024-10-25 18:32:22.701 [info] Getting sessions for user:email...
2024-10-25 18:32:22.702 [info] Got 0 sessions for user:email...
2024-10-25 18:32:22.702 [info] Getting sessions for all scopes...
2024-10-25 18:32:22.702 [info] Got 0 sessions for ...
2024-10-25 18:32:22.756 [info] Getting sessions for read:user,repo,user:email...
2024-10-25 18:32:22.756 [info] Got 0 sessions for read:user,repo,user:email...
2024-10-25 18:32:22.770 [info] Getting sessions for user:email...
2024-10-25 18:32:22.770 [info] Got 0 sessions for user:email...
2024-10-25 18:32:22.773 [info] Getting sessions for read:user,repo,user:email,workflow...
2024-10-25 18:32:22.773 [info] Got 0 sessions for read:user,repo,user:email,workflow...
2024-10-25 18:32:22.773 [info] Getting sessions for all scopes...
2024-10-25 18:32:22.773 [info] Got 0 sessions for ...
2024-10-25 18:32:22.793 [info] Getting sessions for user:email...
2024-10-25 18:32:22.793 [info] Got 0 sessions for user:email...
2024-10-25 18:32:22.801 [info] Getting sessions for all scopes...
2024-10-25 18:32:22.801 [info] Got 0 sessions for ...
2024-10-25 18:32:22.802 [info] Getting sessions for user:email...
2024-10-25 18:32:22.802 [info] Got 0 sessions for user:email...
2024-10-25 18:32:22.803 [info] Getting sessions for all scopes...
2024-10-25 18:32:22.803 [info] Got 0 sessions for ...
2024-10-25 18:32:22.806 [info] Getting sessions for user:email...
2024-10-25 18:32:22.806 [info] Got 0 sessions for user:email...
2024-10-25 18:32:23.152 [info] Getting sessions for all scopes...
2024-10-25 18:32:23.152 [info] Got 0 sessions for ...
