2024-10-31 11:46:19.842 [info] [main] Log level: Info
2024-10-31 11:46:19.842 [info] [main] Validating found git in: "git"
2024-10-31 11:46:19.842 [info] [main] Using git "2.25.1" from "git"
2024-10-31 11:46:19.842 [info] [Model][doInitialScan] Initial repository scan started
2024-10-31 11:46:19.842 [info] [Model][doInitialScan] Initial repository scan completed - repositories (0), closed repositories (0), parent repositories (0), unsafe repositories (0)
2024-10-31 11:46:41.262 [info] [main] Log level: Info
2024-10-31 11:46:41.262 [info] [main] Validating found git in: "git"
2024-10-31 11:46:41.262 [info] [main] Using git "2.25.1" from "git"
2024-10-31 11:46:41.262 [info] [Model][doInitialScan] Initial repository scan started
2024-10-31 11:46:41.262 [info] > git rev-parse --show-toplevel [21ms]
2024-10-31 11:46:41.310 [info] > git rev-parse --git-dir --git-common-dir [16ms]
2024-10-31 11:46:41.322 [info] [Model][openRepository] Opened repository: /root/ros1_ws
2024-10-31 11:46:41.364 [info] > git rev-parse --show-toplevel [14ms]
2024-10-31 11:46:41.365 [info] > git config --get commit.template [23ms]
2024-10-31 11:46:41.410 [info] [Git][getRemotes] No remotes found in the git config file
2024-10-31 11:46:41.411 [info] > git rev-parse --show-toplevel [18ms]
2024-10-31 11:46:41.422 [info] > git for-each-ref --format=%(refname)%00%(upstream:short)%00%(objectname)%00%(upstream:track)%00%(upstream:remotename)%00%(upstream:remoteref) refs/heads/master refs/remotes/master [12ms]
2024-10-31 11:46:41.423 [warning] [Git][getBranch] No such branch: master
2024-10-31 11:46:41.446 [info] > git for-each-ref --sort -committerdate --format %(refname) %(objectname) %(*objectname) [5ms]
2024-10-31 11:46:41.447 [info] > git rev-parse --show-toplevel [25ms]
2024-10-31 11:46:41.508 [info] > git rev-parse --show-toplevel [52ms]
2024-10-31 11:46:41.510 [info] [Model][doInitialScan] Initial repository scan completed - repositories (1), closed repositories (0), parent repositories (0), unsafe repositories (0)
2024-10-31 11:46:41.534 [info] > git config --local branch.master.github-pr-owner-number [15ms]
2024-10-31 11:46:41.534 [warning] [Git][config] git config failed: Failed to execute git
2024-10-31 11:46:41.545 [info] > git status -z -uall [113ms] (cancelled)
2024-10-31 11:46:41.546 [info] > git config --local branch.master.remote [4ms]
2024-10-31 11:46:41.546 [warning] [Git][config] git config failed: Failed to execute git
2024-10-31 11:46:41.554 [info] > git config --local branch.master.merge [2ms]
2024-10-31 11:46:41.554 [warning] [Git][config] git config failed: Failed to execute git
2024-10-31 11:46:41.874 [info] > git check-ignore -v -z --stdin [1ms]
2024-10-31 11:46:42.864 [info] > git show --textconv :.catkin_workspace [7ms]
2024-10-31 11:46:42.865 [info] > git ls-files --stage -- /root/ros1_ws/.catkin_workspace [2ms]
2024-10-31 11:46:43.733 [info] > git check-ignore -v -z --stdin [1ms]
2024-10-31 11:46:54.264 [info] > git check-ignore -v -z --stdin [1ms]
2024-10-31 11:46:58.977 [info] > git check-ignore -v -z --stdin [1ms]
2024-10-31 11:47:06.731 [info] > git check-ignore -v -z --stdin [1ms]
2024-10-31 11:47:08.570 [info] > git show --textconv :src/robot_pkg/script/lib/lib_if.py [8ms]
2024-10-31 11:47:08.570 [info] > git ls-files --stage -- /root/ros1_ws/src/robot_pkg/script/lib/lib_if.py [2ms]
