2024-10-31 11:46:19.896 [info] Reading sessions from keychain...
2024-10-31 11:46:19.896 [info] Getting sessions for all scopes...
2024-10-31 11:46:19.896 [info] Getting sessions for all scopes...
2024-10-31 11:46:19.896 [info] Got 0 sessions for ...
2024-10-31 11:46:19.896 [info] Got 0 sessions for ...
2024-10-31 11:46:19.896 [info] Getting sessions for read:user,repo,user:email,workflow...
2024-10-31 11:46:19.896 [info] Got 0 sessions for read:user,repo,user:email,workflow...
2024-10-31 11:46:19.896 [info] Getting sessions for all scopes...
2024-10-31 11:46:19.896 [info] Got 0 sessions for ...
2024-10-31 11:46:19.896 [info] Getting sessions for all scopes...
2024-10-31 11:46:19.896 [info] Got 0 sessions for ...
2024-10-31 11:46:19.896 [info] Getting sessions for project,read:org,read:user,repo,user:email,workflow...
2024-10-31 11:46:19.896 [info] Got 0 sessions for project,read:org,read:user,repo,user:email,workflow...
2024-10-31 11:46:19.896 [info] Getting sessions for read:user...
2024-10-31 11:46:19.896 [info] Got 0 sessions for read:user...
2024-10-31 11:46:19.896 [info] Getting sessions for user:email...
2024-10-31 11:46:19.896 [info] Got 0 sessions for user:email...
2024-10-31 11:46:19.896 [info] Getting sessions for read:user,repo,user:email,workflow...
2024-10-31 11:46:19.896 [info] Got 0 sessions for read:user,repo,user:email,workflow...
2024-10-31 11:46:19.966 [info] Getting sessions for all scopes...
2024-10-31 11:46:19.966 [info] Got 0 sessions for ...
2024-10-31 11:46:19.967 [info] Getting sessions for read:user,repo,user:email,workflow...
2024-10-31 11:46:19.967 [info] Got 0 sessions for read:user,repo,user:email,workflow...
2024-10-31 11:46:19.987 [info] Getting sessions for user:email...
2024-10-31 11:46:19.987 [info] Got 0 sessions for user:email...
2024-10-31 11:46:19.987 [info] Getting sessions for all scopes...
2024-10-31 11:46:19.987 [info] Got 0 sessions for ...
2024-10-31 11:46:20.058 [info] Getting sessions for read:user,repo,user:email...
2024-10-31 11:46:20.058 [info] Got 0 sessions for read:user,repo,user:email...
2024-10-31 11:46:20.062 [info] Getting sessions for user:email...
2024-10-31 11:46:20.062 [info] Got 0 sessions for user:email...
2024-10-31 11:46:20.068 [info] Getting sessions for read:user,repo,user:email,workflow...
2024-10-31 11:46:20.069 [info] Got 0 sessions for read:user,repo,user:email,workflow...
2024-10-31 11:46:20.069 [info] Getting sessions for all scopes...
2024-10-31 11:46:20.069 [info] Got 0 sessions for ...
2024-10-31 11:46:20.101 [info] Getting sessions for user:email...
2024-10-31 11:46:20.101 [info] Got 0 sessions for user:email...
2024-10-31 11:46:20.107 [info] Getting sessions for all scopes...
2024-10-31 11:46:20.107 [info] Got 0 sessions for ...
2024-10-31 11:46:20.108 [info] Getting sessions for user:email...
2024-10-31 11:46:20.108 [info] Got 0 sessions for user:email...
2024-10-31 11:46:20.109 [info] Getting sessions for all scopes...
2024-10-31 11:46:20.109 [info] Got 0 sessions for ...
2024-10-31 11:46:20.110 [info] Getting sessions for user:email...
2024-10-31 11:46:20.110 [info] Got 0 sessions for user:email...
2024-10-31 11:46:38.214 [info] Reading sessions from keychain...
2024-10-31 11:46:38.214 [info] Getting sessions for all scopes...
2024-10-31 11:46:38.214 [info] Got 0 sessions for ...
2024-10-31 11:46:38.214 [info] Getting sessions for all scopes...
2024-10-31 11:46:38.214 [info] Got 0 sessions for ...
2024-10-31 11:46:38.215 [info] Getting sessions for project,read:org,read:user,repo,user:email,workflow...
2024-10-31 11:46:38.215 [info] Got 0 sessions for project,read:org,read:user,repo,user:email,workflow...
2024-10-31 11:46:38.268 [info] Getting sessions for read:user,repo,user:email,workflow...
2024-10-31 11:46:38.268 [info] Got 0 sessions for read:user,repo,user:email,workflow...
2024-10-31 11:46:38.289 [info] Getting sessions for read:user,repo,user:email...
2024-10-31 11:46:38.289 [info] Got 0 sessions for read:user,repo,user:email...
2024-10-31 11:46:38.291 [info] Getting sessions for read:user,repo,user:email,workflow...
2024-10-31 11:46:38.291 [info] Got 0 sessions for read:user,repo,user:email,workflow...
2024-10-31 11:46:39.590 [info] Getting sessions for all scopes...
2024-10-31 11:46:39.590 [info] Got 0 sessions for ...
2024-10-31 11:46:41.251 [info] Getting sessions for read:user,repo,user:email,workflow...
2024-10-31 11:46:41.251 [info] Got 0 sessions for read:user,repo,user:email,workflow...
2024-10-31 11:46:41.252 [info] Getting sessions for all scopes...
2024-10-31 11:46:41.252 [info] Got 0 sessions for ...
2024-10-31 11:46:41.252 [info] Getting sessions for all scopes...
2024-10-31 11:46:41.252 [info] Got 0 sessions for ...
2024-10-31 11:46:41.356 [info] Getting sessions for read:user...
2024-10-31 11:46:41.356 [info] Got 0 sessions for read:user...
2024-10-31 11:46:41.357 [info] Getting sessions for user:email...
2024-10-31 11:46:41.357 [info] Got 0 sessions for user:email...
2024-10-31 11:46:41.365 [info] Getting sessions for read:user,repo,user:email,workflow...
2024-10-31 11:46:41.365 [info] Got 0 sessions for read:user,repo,user:email,workflow...
2024-10-31 11:46:41.412 [info] Getting sessions for user:email...
2024-10-31 11:46:41.412 [info] Got 0 sessions for user:email...
2024-10-31 11:46:41.412 [info] Getting sessions for all scopes...
2024-10-31 11:46:41.412 [info] Got 0 sessions for ...
2024-10-31 11:46:41.443 [info] Getting sessions for all scopes...
2024-10-31 11:46:41.443 [info] Got 0 sessions for ...
2024-10-31 11:46:41.459 [info] Getting sessions for user:email...
2024-10-31 11:46:41.459 [info] Got 0 sessions for user:email...
2024-10-31 11:46:41.552 [info] Getting sessions for all scopes...
2024-10-31 11:46:41.552 [info] Got 0 sessions for ...
2024-10-31 11:46:41.554 [info] Getting sessions for all scopes...
2024-10-31 11:46:41.554 [info] Got 0 sessions for ...
2024-10-31 11:46:41.557 [info] Getting sessions for user:email...
2024-10-31 11:46:41.557 [info] Got 0 sessions for user:email...
2024-10-31 11:46:41.561 [info] Getting sessions for all scopes...
2024-10-31 11:46:41.561 [info] Got 0 sessions for ...
2024-10-31 11:46:41.569 [info] Getting sessions for all scopes...
2024-10-31 11:46:41.570 [info] Got 0 sessions for ...
2024-10-31 11:46:41.572 [info] Getting sessions for user:email...
2024-10-31 11:46:41.572 [info] Got 0 sessions for user:email...
2024-10-31 11:46:41.574 [info] Getting sessions for all scopes...
2024-10-31 11:46:41.574 [info] Got 0 sessions for ...
2024-10-31 11:46:41.574 [info] Getting sessions for user:email...
2024-10-31 11:46:41.574 [info] Got 0 sessions for user:email...
