2024-10-25 15:28:28.058 [info] Reading sessions from keychain...
2024-10-25 15:28:28.058 [info] Getting sessions for all scopes...
2024-10-25 15:28:28.058 [info] Getting sessions for all scopes...
2024-10-25 15:28:28.058 [info] Got 0 sessions for ...
2024-10-25 15:28:28.058 [info] Got 0 sessions for ...
2024-10-25 15:28:28.058 [info] Getting sessions for read:user,repo,user:email,workflow...
2024-10-25 15:28:28.058 [info] Got 0 sessions for read:user,repo,user:email,workflow...
2024-10-25 15:28:28.058 [info] Getting sessions for all scopes...
2024-10-25 15:28:28.058 [info] Got 0 sessions for ...
2024-10-25 15:28:28.058 [info] Getting sessions for all scopes...
2024-10-25 15:28:28.058 [info] Got 0 sessions for ...
2024-10-25 15:28:28.058 [info] Getting sessions for project,read:org,read:user,repo,user:email,workflow...
2024-10-25 15:28:28.058 [info] Got 0 sessions for project,read:org,read:user,repo,user:email,workflow...
2024-10-25 15:28:28.058 [info] Getting sessions for read:user...
2024-10-25 15:28:28.058 [info] Got 0 sessions for read:user...
2024-10-25 15:28:28.058 [info] Getting sessions for user:email...
2024-10-25 15:28:28.058 [info] Got 0 sessions for user:email...
2024-10-25 15:28:28.058 [info] Getting sessions for read:user,repo,user:email,workflow...
2024-10-25 15:28:28.058 [info] Got 0 sessions for read:user,repo,user:email,workflow...
2024-10-25 15:28:28.084 [info] Getting sessions for read:user,repo,user:email,workflow...
2024-10-25 15:28:28.084 [info] Got 0 sessions for read:user,repo,user:email,workflow...
2024-10-25 15:28:28.107 [info] Getting sessions for user:email...
2024-10-25 15:28:28.107 [info] Got 0 sessions for user:email...
2024-10-25 15:28:28.108 [info] Getting sessions for all scopes...
2024-10-25 15:28:28.108 [info] Got 0 sessions for ...
2024-10-25 15:28:28.202 [info] Getting sessions for read:user,repo,user:email...
2024-10-25 15:28:28.202 [info] Got 0 sessions for read:user,repo,user:email...
2024-10-25 15:28:28.203 [info] Getting sessions for user:email...
2024-10-25 15:28:28.203 [info] Got 0 sessions for user:email...
2024-10-25 15:28:28.206 [info] Getting sessions for read:user,repo,user:email,workflow...
2024-10-25 15:28:28.206 [info] Got 0 sessions for read:user,repo,user:email,workflow...
2024-10-25 15:28:28.206 [info] Getting sessions for all scopes...
2024-10-25 15:28:28.206 [info] Got 0 sessions for ...
2024-10-25 15:28:28.245 [info] Getting sessions for user:email...
2024-10-25 15:28:28.245 [info] Got 0 sessions for user:email...
2024-10-25 15:28:28.253 [info] Getting sessions for all scopes...
2024-10-25 15:28:28.253 [info] Got 0 sessions for ...
2024-10-25 15:28:28.255 [info] Getting sessions for user:email...
2024-10-25 15:28:28.255 [info] Got 0 sessions for user:email...
2024-10-25 15:28:28.256 [info] Getting sessions for all scopes...
2024-10-25 15:28:28.256 [info] Got 0 sessions for ...
2024-10-25 15:28:28.258 [info] Getting sessions for user:email...
2024-10-25 15:28:28.258 [info] Got 0 sessions for user:email...
2024-10-25 15:28:28.436 [info] Getting sessions for all scopes...
2024-10-25 15:28:28.436 [info] Got 0 sessions for ...
2024-10-25 15:28:40.372 [info] Reading sessions from keychain...
2024-10-25 15:28:40.372 [info] Getting sessions for all scopes...
2024-10-25 15:28:40.372 [info] Getting sessions for all scopes...
2024-10-25 15:28:40.372 [info] Got 0 sessions for ...
2024-10-25 15:28:40.372 [info] Got 0 sessions for ...
2024-10-25 15:28:40.373 [info] Getting sessions for project,read:org,read:user,repo,user:email,workflow...
2024-10-25 15:28:40.373 [info] Got 0 sessions for project,read:org,read:user,repo,user:email,workflow...
2024-10-25 15:28:40.424 [info] Getting sessions for read:user,repo,user:email,workflow...
2024-10-25 15:28:40.424 [info] Got 0 sessions for read:user,repo,user:email,workflow...
2024-10-25 15:28:40.438 [info] Getting sessions for read:user,repo,user:email...
2024-10-25 15:28:40.438 [info] Got 0 sessions for read:user,repo,user:email...
2024-10-25 15:28:40.463 [info] Getting sessions for read:user,repo,user:email,workflow...
2024-10-25 15:28:40.463 [info] Got 0 sessions for read:user,repo,user:email,workflow...
2024-10-25 15:28:41.719 [info] Getting sessions for all scopes...
2024-10-25 15:28:41.719 [info] Got 0 sessions for ...
2024-10-25 15:28:43.390 [info] Getting sessions for read:user,repo,user:email,workflow...
2024-10-25 15:28:43.390 [info] Got 0 sessions for read:user,repo,user:email,workflow...
2024-10-25 15:28:43.391 [info] Getting sessions for all scopes...
2024-10-25 15:28:43.391 [info] Got 0 sessions for ...
2024-10-25 15:28:43.391 [info] Getting sessions for all scopes...
2024-10-25 15:28:43.391 [info] Got 0 sessions for ...
2024-10-25 15:28:43.468 [info] Getting sessions for read:user...
2024-10-25 15:28:43.468 [info] Got 0 sessions for read:user...
2024-10-25 15:28:43.468 [info] Getting sessions for user:email...
2024-10-25 15:28:43.468 [info] Got 0 sessions for user:email...
2024-10-25 15:28:43.468 [info] Getting sessions for read:user,repo,user:email,workflow...
2024-10-25 15:28:43.468 [info] Got 0 sessions for read:user,repo,user:email,workflow...
2024-10-25 15:28:43.543 [info] Getting sessions for user:email...
2024-10-25 15:28:43.543 [info] Got 0 sessions for user:email...
2024-10-25 15:28:43.544 [info] Getting sessions for all scopes...
2024-10-25 15:28:43.544 [info] Got 0 sessions for ...
2024-10-25 15:28:43.550 [info] Getting sessions for all scopes...
2024-10-25 15:28:43.550 [info] Got 0 sessions for ...
2024-10-25 15:28:43.621 [info] Getting sessions for user:email...
2024-10-25 15:28:43.621 [info] Got 0 sessions for user:email...
2024-10-25 15:28:43.636 [info] Getting sessions for all scopes...
2024-10-25 15:28:43.636 [info] Got 0 sessions for ...
2024-10-25 15:28:43.636 [info] Getting sessions for all scopes...
2024-10-25 15:28:43.636 [info] Got 0 sessions for ...
2024-10-25 15:28:43.638 [info] Getting sessions for user:email...
2024-10-25 15:28:43.638 [info] Got 0 sessions for user:email...
2024-10-25 15:28:43.647 [info] Getting sessions for all scopes...
2024-10-25 15:28:43.647 [info] Got 0 sessions for ...
2024-10-25 15:28:43.647 [info] Getting sessions for all scopes...
2024-10-25 15:28:43.647 [info] Got 0 sessions for ...
2024-10-25 15:28:43.648 [info] Getting sessions for user:email...
2024-10-25 15:28:43.648 [info] Got 0 sessions for user:email...
2024-10-25 15:28:43.650 [info] Getting sessions for all scopes...
2024-10-25 15:28:43.650 [info] Got 0 sessions for ...
2024-10-25 15:28:43.650 [info] Getting sessions for user:email...
2024-10-25 15:28:43.650 [info] Got 0 sessions for user:email...
