2024-10-31 11:47:08.663 [info] Experiment 'pythonaa' is active
2024-10-31 11:47:08.664 [info] Experiment 'pythonRecommendTensorboardExt' is active
2024-10-31 11:47:08.664 [info] Experiment 'pythonSurveyNotificationcf' is active
2024-10-31 11:47:08.664 [info] Experiment 'pythonTerminalEnvVarActivation' is active
2024-10-31 11:47:08.664 [info] Experiment 'pythonTestAdapter' is active
2024-10-31 11:47:08.687 [warning] Dir "/root/ros1_ws/.pixi/envs" is not watchable (directory does not exist)
2024-10-31 11:47:08.734 [info] Default formatter is set to null for workspace /root/ros1_ws
2024-10-31 11:47:08.742 [info] Starting Environment refresh
2024-10-31 11:47:08.742 [info] Searching for interpreters in posix paths locator
2024-10-31 11:47:08.746 [info] Searching for pyenv environments
2024-10-31 11:47:08.746 [info] Searching for conda environments
2024-10-31 11:47:08.747 [info] Searching for global virtual environments
2024-10-31 11:47:08.747 [info] Searching for custom virtual environments
2024-10-31 11:47:08.754 [info] pyenv is not installed
2024-10-31 11:47:08.754 [info] Finished searching for pyenv environments: 11 milliseconds
2024-10-31 11:47:08.754 [info] Finished searching for custom virtual envs: 11 milliseconds
2024-10-31 11:47:08.764 [info] > conda info --json
2024-10-31 11:47:08.773 [info] > pixi --version
2024-10-31 11:47:08.781 [info] > hatch env show --json
2024-10-31 11:47:08.781 [info] cwd: .
2024-10-31 11:47:08.794 [info] > pyenv which python
2024-10-31 11:47:08.794 [info] cwd: .
2024-10-31 11:47:08.794 [info] Finished searching for global virtual envs: 51 milliseconds
2024-10-31 11:47:09.305 [info] Found: /bin/python --> /bin/python2.7
2024-10-31 11:47:09.307 [info] Found: /bin/python2 --> /bin/python2.7
2024-10-31 11:47:09.307 [info] Found: /bin/python2.7 --> /bin/python2.7
2024-10-31 11:47:09.308 [info] Found: /bin/python3 --> /bin/python3.8
2024-10-31 11:47:09.313 [info] Found: /bin/python3.8 --> /bin/python3.8
2024-10-31 11:47:09.335 [info] Found: /usr/bin/python --> /usr/bin/python2.7
2024-10-31 11:47:09.335 [info] Found: /usr/bin/python2 --> /usr/bin/python2.7
2024-10-31 11:47:09.336 [info] Found: /usr/bin/python2.7 --> /usr/bin/python2.7
2024-10-31 11:47:09.336 [info] Found: /usr/bin/python3 --> /usr/bin/python3.8
2024-10-31 11:47:09.336 [info] Found: /usr/bin/python3.8 --> /usr/bin/python3.8
2024-10-31 11:47:09.371 [info] > /bin/python -I ~/.vscode/extensions/ms-python.python-2024.16.1-linux-x64/python_files/get_output_via_markers.py ~/.vscode/extensions/ms-python.python-2024.16.1-linux-x64/python_files/interpreterInfo.py
2024-10-31 11:47:09.373 [warning] Error: Command failed: /bin/python -I /root/.vscode/extensions/ms-python.python-2024.16.1-linux-x64/python_files/get_output_via_markers.py /root/.vscode/extensions/ms-python.python-2024.16.1-linux-x64/python_files/interpreterInfo.py
Unknown option: -I
usage: /bin/python [option] ... [-c cmd | -m mod | file | -] [arg] ...
Try `python -h' for more information.

    at genericNodeError (node:internal/errors:984:15)
    at wrappedFn (node:internal/errors:538:14)
    at ChildProcess.exithandler (node:child_process:423:12)
    at ChildProcess.emit (node:events:531:35)
    at maybeClose (node:internal/child_process:1105:16)
    at Socket.<anonymous> (node:internal/child_process:457:11)
    at Socket.emit (node:events:519:28)
    at Pipe.<anonymous> (node:net:339:12) {
  code: 2,
  killed: false,
  signal: null,
  cmd: '/bin/python -I /root/.vscode/extensions/ms-python.python-2024.16.1-linux-x64/python_files/get_output_via_markers.py /root/.vscode/extensions/ms-python.python-2024.16.1-linux-x64/python_files/interpreterInfo.py'
}
2024-10-31 11:47:09.373 [error] Support for Python 2.7 has been dropped by the Python extension so certain features may not work, upgrade to using Python 3.
2024-10-31 11:47:09.381 [info] > /bin/python ~/.vscode/extensions/ms-python.python-2024.16.1-linux-x64/python_files/get_output_via_markers.py ~/.vscode/extensions/ms-python.python-2024.16.1-linux-x64/python_files/interpreterInfo.py
2024-10-31 11:47:09.395 [info] > /bin/python3 -I ~/.vscode/extensions/ms-python.python-2024.16.1-linux-x64/python_files/get_output_via_markers.py ~/.vscode/extensions/ms-python.python-2024.16.1-linux-x64/python_files/interpreterInfo.py
2024-10-31 11:47:09.413 [info] Finished searching for interpreters in posix paths locator: 664 milliseconds
2024-10-31 11:47:09.413 [info] > /usr/bin/python -I ~/.vscode/extensions/ms-python.python-2024.16.1-linux-x64/python_files/get_output_via_markers.py ~/.vscode/extensions/ms-python.python-2024.16.1-linux-x64/python_files/interpreterInfo.py
2024-10-31 11:47:09.416 [warning] Error: Command failed: /usr/bin/python -I /root/.vscode/extensions/ms-python.python-2024.16.1-linux-x64/python_files/get_output_via_markers.py /root/.vscode/extensions/ms-python.python-2024.16.1-linux-x64/python_files/interpreterInfo.py
Unknown option: -I
usage: /usr/bin/python [option] ... [-c cmd | -m mod | file | -] [arg] ...
Try `python -h' for more information.

    at genericNodeError (node:internal/errors:984:15)
    at wrappedFn (node:internal/errors:538:14)
    at ChildProcess.exithandler (node:child_process:423:12)
    at ChildProcess.emit (node:events:531:35)
    at maybeClose (node:internal/child_process:1105:16)
    at Socket.<anonymous> (node:internal/child_process:457:11)
    at Socket.emit (node:events:519:28)
    at Pipe.<anonymous> (node:net:339:12) {
  code: 2,
  killed: false,
  signal: null,
  cmd: '/usr/bin/python -I /root/.vscode/extensions/ms-python.python-2024.16.1-linux-x64/python_files/get_output_via_markers.py /root/.vscode/extensions/ms-python.python-2024.16.1-linux-x64/python_files/interpreterInfo.py'
}
2024-10-31 11:47:09.416 [error] Support for Python 2.7 has been dropped by the Python extension so certain features may not work, upgrade to using Python 3.
2024-10-31 11:47:09.425 [info] > /usr/bin/python ~/.vscode/extensions/ms-python.python-2024.16.1-linux-x64/python_files/get_output_via_markers.py ~/.vscode/extensions/ms-python.python-2024.16.1-linux-x64/python_files/interpreterInfo.py
2024-10-31 11:47:09.440 [info] > /usr/bin/python3 -I ~/.vscode/extensions/ms-python.python-2024.16.1-linux-x64/python_files/get_output_via_markers.py ~/.vscode/extensions/ms-python.python-2024.16.1-linux-x64/python_files/interpreterInfo.py
2024-10-31 11:47:09.440 [info] Environments refresh paths discovered (event): 700 milliseconds
2024-10-31 11:47:09.440 [info] Environments refresh paths discovered: 700 milliseconds
2024-10-31 11:47:09.463 [info] Environments refresh finished (event): 723 milliseconds
2024-10-31 11:47:09.470 [info] Environment refresh took 730 milliseconds
2024-10-31 11:47:09.478 [info] Python interpreter path: /bin/python3
2024-10-31 11:47:10.147 [info] Starting Pylance language server.
2024-10-31 11:51:33.452 [info] Discover tests for workspace name: ros1_ws - uri: /root/ros1_ws/src/robot_pkg/script/lib/lib_if.py
2024-10-31 12:06:52.267 [info] Discover tests for workspace name: ros1_ws - uri: /root/ros1_ws/src/robot_pkg/script/lib/lib_if.py
2024-10-31 12:08:26.808 [info] Discover tests for workspace name: ros1_ws - uri: /root/ros1_ws/src/robot_pkg/script/lib/lib_if.py
