2024-10-25 18:32:55.439 [info] [main] Log level: Info
2024-10-25 18:32:55.439 [info] [main] Validating found git in: "git"
2024-10-25 18:32:55.439 [info] [main] Using git "2.25.1" from "git"
2024-10-25 18:32:55.439 [info] [Model][doInitialScan] Initial repository scan started
2024-10-25 18:32:55.439 [info] [Model][doInitialScan] Initial repository scan completed - repositories (0), closed repositories (0), parent repositories (0), unsafe repositories (0)
2024-10-25 18:33:07.744 [info] [main] Log level: Info
2024-10-25 18:33:07.744 [info] [main] Validating found git in: "git"
2024-10-25 18:33:07.744 [info] [main] Using git "2.25.1" from "git"
2024-10-25 18:33:07.744 [info] [Model][doInitialScan] Initial repository scan started
2024-10-25 18:33:07.744 [info] > git rev-parse --show-toplevel [37ms]
2024-10-25 18:33:07.757 [info] > git rev-parse --git-dir --git-common-dir [6ms]
2024-10-25 18:33:07.766 [info] [Model][openRepository] Opened repository: /root/ros1_ws
2024-10-25 18:33:07.802 [info] > git rev-parse --show-toplevel [22ms]
2024-10-25 18:33:07.803 [info] > git config --get commit.template [30ms]
2024-10-25 18:33:07.835 [info] [Git][getRemotes] No remotes found in the git config file
2024-10-25 18:33:07.837 [info] > git rev-parse --show-toplevel [24ms]
2024-10-25 18:33:07.853 [info] > git for-each-ref --format=%(refname)%00%(upstream:short)%00%(objectname)%00%(upstream:track)%00%(upstream:remotename)%00%(upstream:remoteref) refs/heads/master refs/remotes/master [19ms]
2024-10-25 18:33:07.854 [warning] [Git][getBranch] No such branch: master
2024-10-25 18:33:07.867 [info] > git for-each-ref --sort -committerdate --format %(refname) %(objectname) %(*objectname) [2ms]
2024-10-25 18:33:07.867 [info] > git rev-parse --show-toplevel [14ms]
2024-10-25 18:33:07.869 [info] [Model][doInitialScan] Initial repository scan completed - repositories (1), closed repositories (0), parent repositories (0), unsafe repositories (0)
2024-10-25 18:33:07.880 [info] > git config --local branch.master.github-pr-owner-number [2ms]
2024-10-25 18:33:07.880 [warning] [Git][config] git config failed: Failed to execute git
2024-10-25 18:33:07.891 [info] > git config --local branch.master.remote [2ms]
2024-10-25 18:33:07.891 [warning] [Git][config] git config failed: Failed to execute git
2024-10-25 18:33:07.901 [info] > git config --local branch.master.merge [3ms]
2024-10-25 18:33:07.901 [warning] [Git][config] git config failed: Failed to execute git
2024-10-25 18:33:07.958 [info] > git status -z -uall [99ms] (cancelled)
2024-10-25 18:33:08.318 [info] > git check-ignore -v -z --stdin [4ms]
2024-10-25 18:33:14.770 [info] > git check-ignore -v -z --stdin [2ms]
2024-10-25 18:33:16.396 [info] > git check-ignore -v -z --stdin [1ms]
2024-10-25 18:33:17.420 [info] > git check-ignore -v -z --stdin [1ms]
2024-10-25 18:33:20.450 [info] > git check-ignore -v -z --stdin [1ms]
2024-10-25 18:33:34.615 [info] > git check-ignore -v -z --stdin [2ms]
2024-10-25 18:33:38.417 [info] > git check-ignore -v -z --stdin [1ms]
2024-10-25 18:33:40.206 [info] > git check-ignore -v -z --stdin [0ms]
2024-10-25 18:33:43.801 [info] > git show --textconv :src/robot_pkg/output.log [10ms]
2024-10-25 18:33:43.801 [info] > git ls-files --stage -- /root/ros1_ws/src/robot_pkg/output.log [2ms]
2024-10-25 18:33:43.966 [info] > git check-ignore -v -z --stdin [1ms]
2024-10-25 18:33:46.579 [info] > git check-ignore -v -z --stdin [0ms]
2024-10-25 18:33:50.858 [info] > git check-ignore -v -z --stdin [1ms]
2024-10-25 18:33:54.790 [info] > git check-ignore -v -z --stdin [1ms]
2024-10-25 18:33:55.993 [info] > git check-ignore -v -z --stdin [1ms]
2024-10-25 18:33:56.588 [info] > git show --textconv :src/robot_pkg/script/lib/lib_if.py [10ms]
2024-10-25 18:33:56.588 [info] > git ls-files --stage -- /root/ros1_ws/src/robot_pkg/script/lib/lib_if.py [2ms]
2024-10-25 18:36:17.909 [info] > git check-ignore -v -z --stdin [1ms]
2024-10-25 18:36:28.512 [info] > git check-ignore -v -z --stdin [0ms]
2024-10-25 18:36:36.380 [info] > git check-ignore -v -z --stdin [1ms]
2024-10-25 18:38:45.705 [info] > git show --textconv :src/robot_pkg/script/test/map_laser_read1kai_def.py [7ms]
2024-10-25 18:38:45.707 [info] > git ls-files --stage -- /root/ros1_ws/src/robot_pkg/script/test/map_laser_read1kai_def.py [3ms]
2024-10-25 18:38:51.425 [info] > git check-ignore -v -z --stdin [1ms]
2024-10-25 18:39:43.513 [info] > git show --textconv :src/robot_pkg/script/test/unsearch+UI4_5.py [13ms]
2024-10-25 18:39:43.514 [info] > git ls-files --stage -- /root/ros1_ws/src/robot_pkg/script/test/unsearch+UI4_5.py [2ms]
2024-10-25 18:40:29.214 [info] > git show --textconv :src/robot_pkg/script/import/common_import.py [20ms]
2024-10-25 18:40:29.215 [info] > git ls-files --stage -- /root/ros1_ws/src/robot_pkg/script/import/common_import.py [1ms]
2024-10-25 18:42:14.701 [info] > git show --textconv :src/robot_pkg/script/lib/lib_if.py [5ms]
2024-10-25 18:42:14.702 [info] > git ls-files --stage -- /root/ros1_ws/src/robot_pkg/script/lib/lib_if.py [2ms]
2024-10-25 18:42:18.694 [info] > git show --textconv :src/robot_pkg/script/import/common_import.py [6ms]
2024-10-25 18:42:18.695 [info] > git ls-files --stage -- /root/ros1_ws/src/robot_pkg/script/import/common_import.py [2ms]
2024-10-25 18:43:29.179 [info] > git show --textconv :src/robot_pkg/script/lib/lib_if.py [11ms]
2024-10-25 18:43:29.180 [info] > git ls-files --stage -- /root/ros1_ws/src/robot_pkg/script/lib/lib_if.py [2ms]
2024-10-25 18:43:44.442 [info] > git show --textconv :src/robot_pkg/script/node/gui_node.py [12ms]
2024-10-25 18:43:44.443 [info] > git ls-files --stage -- /root/ros1_ws/src/robot_pkg/script/node/gui_node.py [2ms]
2024-10-25 18:43:56.411 [info] > git show --textconv :src/robot_pkg/script/lib/lib_if.py [8ms]
2024-10-25 18:43:56.412 [info] > git ls-files --stage -- /root/ros1_ws/src/robot_pkg/script/lib/lib_if.py [1ms]
2024-10-25 18:45:49.756 [info] > git show --textconv :src/robot_pkg/script/import/common_import.py [6ms]
2024-10-25 18:45:49.757 [info] > git ls-files --stage -- /root/ros1_ws/src/robot_pkg/script/import/common_import.py [1ms]
2024-10-25 18:45:51.470 [info] > git show --textconv :src/robot_pkg/script/node/gui_node.py [8ms]
2024-10-25 18:45:51.471 [info] > git ls-files --stage -- /root/ros1_ws/src/robot_pkg/script/node/gui_node.py [2ms]
2024-10-25 18:45:53.127 [info] > git show --textconv :src/robot_pkg/script/import/common_import.py [12ms]
2024-10-25 18:45:53.128 [info] > git ls-files --stage -- /root/ros1_ws/src/robot_pkg/script/import/common_import.py [2ms]
2024-10-25 18:45:54.515 [info] > git show --textconv :src/robot_pkg/script/node/gui_node.py [6ms]
2024-10-25 18:45:54.516 [info] > git ls-files --stage -- /root/ros1_ws/src/robot_pkg/script/node/gui_node.py [1ms]
2024-10-25 19:23:54.923 [info] > git show --textconv :src/robot_pkg/script/node/開発版/gui_node (original).py [13ms]
2024-10-25 19:23:54.924 [info] > git ls-files --stage -- /root/ros1_ws/src/robot_pkg/script/node/開発版/gui_node (original).py [2ms]
2024-10-25 19:23:55.166 [info] > git check-ignore -v -z --stdin [1ms]
2024-10-25 19:25:13.472 [info] > git show --textconv :src/robot_pkg/script/node/開発版/gui_node (ミニマップ).py [11ms]
2024-10-25 19:25:13.472 [info] > git ls-files --stage -- /root/ros1_ws/src/robot_pkg/script/node/開発版/gui_node (ミニマップ).py [1ms]
2024-10-25 19:30:01.507 [info] > git show --textconv :src/robot_pkg/script/test/map_laser_read1kai_def.py [10ms]
2024-10-25 19:30:01.508 [info] > git ls-files --stage -- /root/ros1_ws/src/robot_pkg/script/test/map_laser_read1kai_def.py [2ms]
2024-10-25 19:32:01.239 [info] > git show --textconv :src/robot_pkg/script/node/開発版/gui_node (ミニマップ).py [9ms]
2024-10-25 19:32:01.240 [info] > git ls-files --stage -- /root/ros1_ws/src/robot_pkg/script/node/開発版/gui_node (ミニマップ).py [2ms]
2024-10-25 19:32:03.051 [info] > git show --textconv :src/robot_pkg/script/test/map_laser_read1kai_def.py [7ms]
2024-10-25 19:32:03.052 [info] > git ls-files --stage -- /root/ros1_ws/src/robot_pkg/script/test/map_laser_read1kai_def.py [1ms]
2024-10-25 19:32:08.615 [info] > git show --textconv :src/robot_pkg/script/node/開発版/gui_node (仮置き場).py [15ms]
2024-10-25 19:32:08.618 [info] > git ls-files --stage -- /root/ros1_ws/src/robot_pkg/script/node/開発版/gui_node (仮置き場).py [3ms]
2024-10-25 19:33:13.457 [info] > git show --textconv :src/robot_pkg/script/test/test_pad.py [8ms]
2024-10-25 19:33:13.458 [info] > git ls-files --stage -- /root/ros1_ws/src/robot_pkg/script/test/test_pad.py [2ms]
2024-10-25 19:34:25.253 [info] > git show --textconv :src/robot_pkg/script/test/test_pyqt.py [11ms]
2024-10-25 19:34:25.255 [info] > git ls-files --stage -- /root/ros1_ws/src/robot_pkg/script/test/test_pyqt.py [1ms]
2024-10-25 19:35:37.463 [info] > git show --textconv :src/robot_pkg/script/test/unsearch+UI4_5.py [13ms]
2024-10-25 19:35:37.466 [info] > git ls-files --stage -- /root/ros1_ws/src/robot_pkg/script/test/unsearch+UI4_5.py [3ms]
2024-10-25 19:36:31.471 [info] > git show --textconv :src/robot_pkg/script/lib/lib_if (original).py [9ms]
2024-10-25 19:36:31.472 [info] > git ls-files --stage -- /root/ros1_ws/src/robot_pkg/script/lib/lib_if (original).py [1ms]
2024-10-25 19:36:42.966 [info] > git show --textconv :src/robot_pkg/script/test/test_pyqt.py [6ms]
2024-10-25 19:36:42.967 [info] > git ls-files --stage -- /root/ros1_ws/src/robot_pkg/script/test/test_pyqt.py [2ms]
2024-10-25 19:36:54.541 [info] > git show --textconv :src/robot_pkg/script/test/test_pad.py [9ms]
2024-10-25 19:36:54.543 [info] > git ls-files --stage -- /root/ros1_ws/src/robot_pkg/script/test/test_pad.py [2ms]
2024-10-25 19:36:56.309 [info] > git show --textconv :src/robot_pkg/script/test/map_laser_read1kai_def.py [11ms]
2024-10-25 19:36:56.310 [info] > git ls-files --stage -- /root/ros1_ws/src/robot_pkg/script/test/map_laser_read1kai_def.py [2ms]
2024-10-25 19:36:57.273 [info] > git show --textconv :src/robot_pkg/script/test/test_pad.py [9ms]
2024-10-25 19:36:57.273 [info] > git ls-files --stage -- /root/ros1_ws/src/robot_pkg/script/test/test_pad.py [1ms]
2024-10-25 19:36:59.177 [info] > git show --textconv :src/robot_pkg/script/test/test_pyqt.py [11ms]
2024-10-25 19:36:59.178 [info] > git ls-files --stage -- /root/ros1_ws/src/robot_pkg/script/test/test_pyqt.py [2ms]
2024-10-25 19:36:59.727 [info] > git show --textconv :src/robot_pkg/script/test/unsearch+UI4_5.py [10ms]
2024-10-25 19:36:59.728 [info] > git ls-files --stage -- /root/ros1_ws/src/robot_pkg/script/test/unsearch+UI4_5.py [2ms]
2024-10-25 19:37:02.815 [info] > git show --textconv :src/robot_pkg/script/lib/lib_if (original).py [7ms]
2024-10-25 19:37:02.817 [info] > git ls-files --stage -- /root/ros1_ws/src/robot_pkg/script/lib/lib_if (original).py [2ms]
2024-10-25 19:38:22.708 [info] > git show --textconv :src/robot_pkg/script/test/unsearch+UI4_5.py [10ms]
2024-10-25 19:38:22.710 [info] > git ls-files --stage -- /root/ros1_ws/src/robot_pkg/script/test/unsearch+UI4_5.py [2ms]
2024-10-25 19:38:27.111 [info] > git show --textconv :src/robot_pkg/script/lib/lib_if (original).py [15ms]
2024-10-25 19:38:27.113 [info] > git ls-files --stage -- /root/ros1_ws/src/robot_pkg/script/lib/lib_if (original).py [2ms]
2024-10-25 19:38:50.435 [info] > git show --textconv :src/robot_pkg/script/test/unsearch+UI4_5.py [15ms]
2024-10-25 19:38:50.437 [info] > git ls-files --stage -- /root/ros1_ws/src/robot_pkg/script/test/unsearch+UI4_5.py [3ms]
2024-10-25 19:40:13.627 [info] > git show --textconv :src/robot_pkg/script/test/map_laser_read1kai_def.py [10ms]
2024-10-25 19:40:13.627 [info] > git ls-files --stage -- /root/ros1_ws/src/robot_pkg/script/test/map_laser_read1kai_def.py [2ms]
2024-10-25 19:40:17.346 [info] > git show --textconv :src/robot_pkg/script/test/unsearch+UI4_5.py [15ms]
2024-10-25 19:40:17.347 [info] > git ls-files --stage -- /root/ros1_ws/src/robot_pkg/script/test/unsearch+UI4_5.py [1ms]
2024-10-25 19:40:18.454 [info] > git show --textconv :src/robot_pkg/script/test/map_laser_read1kai_def.py [12ms]
2024-10-25 19:40:18.455 [info] > git ls-files --stage -- /root/ros1_ws/src/robot_pkg/script/test/map_laser_read1kai_def.py [2ms]
2024-10-25 19:50:16.654 [info] > git show --textconv :src/robot_pkg/start_ee_robotV_log.txt [20ms]
2024-10-25 19:50:16.657 [info] > git ls-files --stage -- /root/ros1_ws/src/robot_pkg/start_ee_robotV_log.txt [5ms]
2024-10-25 19:57:31.618 [info] > git show --textconv :src/robot_pkg/script/test/map_laser_read1kai_def.py [7ms]
2024-10-25 19:57:31.620 [info] > git ls-files --stage -- /root/ros1_ws/src/robot_pkg/script/test/map_laser_read1kai_def.py [3ms]
2024-10-25 19:57:35.621 [info] > git show --textconv :src/robot_pkg/start_ee_robotV_log.txt [7ms]
2024-10-25 19:57:35.622 [info] > git ls-files --stage -- /root/ros1_ws/src/robot_pkg/start_ee_robotV_log.txt [2ms]
2024-10-25 19:57:39.103 [info] > git show --textconv :src/robot_pkg/script/lib/lib_if.py [7ms]
2024-10-25 19:57:39.104 [info] > git ls-files --stage -- /root/ros1_ws/src/robot_pkg/script/lib/lib_if.py [1ms]
2024-10-25 20:01:20.264 [info] > git show --textconv :src/robot_pkg/script/node/gui_node.py [13ms]
2024-10-25 20:01:20.266 [info] > git ls-files --stage -- /root/ros1_ws/src/robot_pkg/script/node/gui_node.py [3ms]
