2024-10-25 20:05:34.817 [info] update#setState idle
2024-10-25 20:05:37.507 [error] [network] #1: https://update.code.visualstudio.com/api/update/linux-x64/stable/384ff7382de624fb94dbaf6da11977bba1ecd427 - error undefined net::ERR_INSUFFICIENT_RESOURCES
2024-10-25 20:05:37.508 [error] update#isLatestVersion(): failed to check for updates
2024-10-25 20:05:37.508 [error] Error: net::ERR_INSUFFICIENT_RESOURCES
    at SimpleURLLoaderWrapper.<anonymous> (node:electron/js2c/browser_init:2:114527)
    at SimpleURLLoaderWrapper.emit (node:events:519:28)
2024-10-25 20:05:37.597 [error] [network] #2: https://update.code.visualstudio.com/api/update/linux-x64/stable/384ff7382de624fb94dbaf6da11977bba1ecd427 - error undefined net::ERR_INSUFFICIENT_RESOURCES
2024-10-25 20:05:37.597 [error] update#isLatestVersion(): failed to check for updates
2024-10-25 20:05:37.597 [error] Error: net::ERR_INSUFFICIENT_RESOURCES
    at SimpleURLLoaderWrapper.<anonymous> (node:electron/js2c/browser_init:2:114527)
    at SimpleURLLoaderWrapper.emit (node:events:519:28)
2024-10-25 20:05:38.957 [error] CodeWindow: renderer process gone (reason: crashed, code: 133)
2024-10-25 20:05:39.082 [info] Extension host with pid 6421 exited with code: 0, signal: unknown.
2024-10-25 20:05:40.083 [error] Extension host with pid 6421 still exists, forcefully killing it...
2024-10-25 20:05:40.280 [error] CodeWindow: renderer process gone (reason: crashed, code: 133)
2024-10-25 20:05:40.749 [info] Extension host with pid 6462 exited with code: 0, signal: unknown.
2024-10-25 20:05:41.750 [error] Extension host with pid 6462 still exists, forcefully killing it...
2024-10-25 20:05:43.399 [error] [UtilityProcess id: 1, type: fileWatcher, pid: 6493]: crashed with code 139 and reason 'crashed'
2024-10-25 20:06:04.801 [info] update#setState checking for updates
2024-10-25 20:06:04.894 [info] update#setState idle
2024-10-25 20:06:49.123 [info] Extension host with pid 6645 exited with code: 0, signal: unknown.
2024-10-25 20:06:49.164 [error] [UtilityProcessWorker]: terminated unexpectedly with code 2061285232, signal: unknown
