2024-10-25 18:32:56.613 [info] Reading sessions from keychain...
2024-10-25 18:32:56.613 [info] Getting sessions for all scopes...
2024-10-25 18:32:56.613 [info] Getting sessions for all scopes...
2024-10-25 18:32:56.613 [info] Got 0 sessions for ...
2024-10-25 18:32:56.613 [info] Got 0 sessions for ...
2024-10-25 18:32:56.613 [info] Getting sessions for read:user,repo,user:email,workflow...
2024-10-25 18:32:56.613 [info] Got 0 sessions for read:user,repo,user:email,workflow...
2024-10-25 18:32:56.613 [info] Getting sessions for all scopes...
2024-10-25 18:32:56.613 [info] Got 0 sessions for ...
2024-10-25 18:32:56.613 [info] Getting sessions for all scopes...
2024-10-25 18:32:56.613 [info] Got 0 sessions for ...
2024-10-25 18:32:56.613 [info] Getting sessions for project,read:org,read:user,repo,user:email,workflow...
2024-10-25 18:32:56.613 [info] Got 0 sessions for project,read:org,read:user,repo,user:email,workflow...
2024-10-25 18:32:56.641 [info] Getting sessions for read:user...
2024-10-25 18:32:56.641 [info] Got 0 sessions for read:user...
2024-10-25 18:32:56.641 [info] Getting sessions for user:email...
2024-10-25 18:32:56.641 [info] Got 0 sessions for user:email...
2024-10-25 18:32:56.641 [info] Getting sessions for read:user,repo,user:email,workflow...
2024-10-25 18:32:56.641 [info] Got 0 sessions for read:user,repo,user:email,workflow...
2024-10-25 18:32:56.686 [info] Getting sessions for read:user,repo,user:email,workflow...
2024-10-25 18:32:56.686 [info] Got 0 sessions for read:user,repo,user:email,workflow...
2024-10-25 18:32:56.687 [info] Getting sessions for user:email...
2024-10-25 18:32:56.687 [info] Got 0 sessions for user:email...
2024-10-25 18:32:56.687 [info] Getting sessions for all scopes...
2024-10-25 18:32:56.687 [info] Got 0 sessions for ...
2024-10-25 18:32:56.756 [info] Getting sessions for read:user,repo,user:email...
2024-10-25 18:32:56.756 [info] Got 0 sessions for read:user,repo,user:email...
2024-10-25 18:32:56.757 [info] Getting sessions for user:email...
2024-10-25 18:32:56.757 [info] Got 0 sessions for user:email...
2024-10-25 18:32:56.759 [info] Getting sessions for read:user,repo,user:email,workflow...
2024-10-25 18:32:56.759 [info] Got 0 sessions for read:user,repo,user:email,workflow...
2024-10-25 18:32:56.759 [info] Getting sessions for all scopes...
2024-10-25 18:32:56.759 [info] Got 0 sessions for ...
2024-10-25 18:32:56.780 [info] Getting sessions for user:email...
2024-10-25 18:32:56.780 [info] Got 0 sessions for user:email...
2024-10-25 18:32:56.784 [info] Getting sessions for all scopes...
2024-10-25 18:32:56.785 [info] Got 0 sessions for ...
2024-10-25 18:32:56.785 [info] Getting sessions for user:email...
2024-10-25 18:32:56.785 [info] Got 0 sessions for user:email...
2024-10-25 18:32:56.786 [info] Getting sessions for all scopes...
2024-10-25 18:32:56.786 [info] Got 0 sessions for ...
2024-10-25 18:32:56.787 [info] Getting sessions for user:email...
2024-10-25 18:32:56.787 [info] Got 0 sessions for user:email...
2024-10-25 18:32:57.258 [info] Getting sessions for all scopes...
2024-10-25 18:32:57.258 [info] Got 0 sessions for ...
2024-10-25 18:33:05.198 [info] Reading sessions from keychain...
2024-10-25 18:33:05.199 [info] Getting sessions for all scopes...
2024-10-25 18:33:05.199 [info] Got 0 sessions for ...
2024-10-25 18:33:05.199 [info] Getting sessions for all scopes...
2024-10-25 18:33:05.199 [info] Got 0 sessions for ...
2024-10-25 18:33:05.226 [info] Getting sessions for project,read:org,read:user,repo,user:email,workflow...
2024-10-25 18:33:05.226 [info] Got 0 sessions for project,read:org,read:user,repo,user:email,workflow...
2024-10-25 18:33:05.277 [info] Getting sessions for read:user,repo,user:email,workflow...
2024-10-25 18:33:05.277 [info] Got 0 sessions for read:user,repo,user:email,workflow...
2024-10-25 18:33:05.278 [info] Getting sessions for read:user,repo,user:email...
2024-10-25 18:33:05.278 [info] Got 0 sessions for read:user,repo,user:email...
2024-10-25 18:33:05.279 [info] Getting sessions for read:user,repo,user:email,workflow...
2024-10-25 18:33:05.279 [info] Got 0 sessions for read:user,repo,user:email,workflow...
2024-10-25 18:33:06.582 [info] Getting sessions for all scopes...
2024-10-25 18:33:06.582 [info] Got 0 sessions for ...
2024-10-25 18:33:07.726 [info] Getting sessions for read:user,repo,user:email,workflow...
2024-10-25 18:33:07.726 [info] Got 0 sessions for read:user,repo,user:email,workflow...
2024-10-25 18:33:07.726 [info] Getting sessions for all scopes...
2024-10-25 18:33:07.726 [info] Got 0 sessions for ...
2024-10-25 18:33:07.727 [info] Getting sessions for all scopes...
2024-10-25 18:33:07.727 [info] Got 0 sessions for ...
2024-10-25 18:33:07.805 [info] Getting sessions for read:user...
2024-10-25 18:33:07.805 [info] Got 0 sessions for read:user...
2024-10-25 18:33:07.806 [info] Getting sessions for user:email...
2024-10-25 18:33:07.806 [info] Got 0 sessions for user:email...
2024-10-25 18:33:07.806 [info] Getting sessions for read:user,repo,user:email,workflow...
2024-10-25 18:33:07.806 [info] Got 0 sessions for read:user,repo,user:email,workflow...
2024-10-25 18:33:07.879 [info] Getting sessions for user:email...
2024-10-25 18:33:07.879 [info] Got 0 sessions for user:email...
2024-10-25 18:33:07.879 [info] Getting sessions for all scopes...
2024-10-25 18:33:07.879 [info] Got 0 sessions for ...
2024-10-25 18:33:07.890 [info] Getting sessions for all scopes...
2024-10-25 18:33:07.890 [info] Got 0 sessions for ...
2024-10-25 18:33:07.906 [info] Getting sessions for user:email...
2024-10-25 18:33:07.906 [info] Got 0 sessions for user:email...
2024-10-25 18:33:07.964 [info] Getting sessions for all scopes...
2024-10-25 18:33:07.964 [info] Got 0 sessions for ...
2024-10-25 18:33:07.973 [info] Getting sessions for all scopes...
2024-10-25 18:33:07.973 [info] Got 0 sessions for ...
2024-10-25 18:33:08.241 [info] Getting sessions for user:email...
2024-10-25 18:33:08.241 [info] Got 0 sessions for user:email...
2024-10-25 18:33:08.251 [info] Getting sessions for all scopes...
2024-10-25 18:33:08.251 [info] Got 0 sessions for ...
2024-10-25 18:33:08.251 [info] Getting sessions for all scopes...
2024-10-25 18:33:08.251 [info] Got 0 sessions for ...
2024-10-25 18:33:08.252 [info] Getting sessions for user:email...
2024-10-25 18:33:08.252 [info] Got 0 sessions for user:email...
2024-10-25 18:33:08.254 [info] Getting sessions for all scopes...
2024-10-25 18:33:08.254 [info] Got 0 sessions for ...
2024-10-25 18:33:08.256 [info] Getting sessions for user:email...
2024-10-25 18:33:08.256 [info] Got 0 sessions for user:email...
