2024-10-25 15:28:57.732 [info] Experiment 'pythonaa' is active
2024-10-25 15:28:57.733 [info] Experiment 'pythonRecommendTensorboardExt' is active
2024-10-25 15:28:57.733 [info] Experiment 'pythonSurveyNotificationcf' is active
2024-10-25 15:28:57.733 [info] Experiment 'pythonTerminalEnvVarActivation' is active
2024-10-25 15:28:57.733 [info] Experiment 'pythonTestAdapter' is active
2024-10-25 15:28:57.756 [warning] Dir "/root/ros1_ws/.pixi/envs" is not watchable (directory does not exist)
2024-10-25 15:28:57.808 [info] Default formatter is set to null for workspace /root/ros1_ws
2024-10-25 15:28:57.817 [info] Starting Environment refresh
2024-10-25 15:28:57.817 [info] Searching for interpreters in posix paths locator
2024-10-25 15:28:57.822 [info] Searching for pyenv environments
2024-10-25 15:28:57.822 [info] Searching for conda environments
2024-10-25 15:28:57.823 [info] Searching for global virtual environments
2024-10-25 15:28:57.823 [info] Searching for custom virtual environments
2024-10-25 15:28:57.833 [info] pyenv is not installed
2024-10-25 15:28:57.833 [info] Finished searching for pyenv environments: 16 milliseconds
2024-10-25 15:28:57.834 [info] Finished searching for custom virtual envs: 16 milliseconds
2024-10-25 15:28:57.843 [info] > conda info --json
2024-10-25 15:28:57.852 [info] > pixi --version
2024-10-25 15:28:57.861 [info] > hatch env show --json
2024-10-25 15:28:57.861 [info] cwd: .
2024-10-25 15:28:57.874 [info] > pyenv which python
2024-10-25 15:28:57.874 [info] cwd: .
2024-10-25 15:28:57.874 [info] Finished searching for global virtual envs: 56 milliseconds
2024-10-25 15:28:58.338 [info] Found: /bin/python --> /bin/python2.7
2024-10-25 15:28:58.340 [info] Found: /bin/python2 --> /bin/python2.7
2024-10-25 15:28:58.341 [info] Found: /bin/python2.7 --> /bin/python2.7
2024-10-25 15:28:58.342 [info] Found: /bin/python3 --> /bin/python3.8
2024-10-25 15:28:58.346 [info] Found: /bin/python3.8 --> /bin/python3.8
2024-10-25 15:28:58.371 [info] Found: /usr/bin/python --> /usr/bin/python2.7
2024-10-25 15:28:58.371 [info] Found: /usr/bin/python2 --> /usr/bin/python2.7
2024-10-25 15:28:58.371 [info] Found: /usr/bin/python2.7 --> /usr/bin/python2.7
2024-10-25 15:28:58.372 [info] Found: /usr/bin/python3 --> /usr/bin/python3.8
2024-10-25 15:28:58.373 [info] Found: /usr/bin/python3.8 --> /usr/bin/python3.8
2024-10-25 15:28:58.416 [info] > /bin/python -I ~/.vscode/extensions/ms-python.python-2024.16.1-linux-x64/python_files/get_output_via_markers.py ~/.vscode/extensions/ms-python.python-2024.16.1-linux-x64/python_files/interpreterInfo.py
2024-10-25 15:28:58.419 [warning] Error: Command failed: /bin/python -I /root/.vscode/extensions/ms-python.python-2024.16.1-linux-x64/python_files/get_output_via_markers.py /root/.vscode/extensions/ms-python.python-2024.16.1-linux-x64/python_files/interpreterInfo.py
Unknown option: -I
usage: /bin/python [option] ... [-c cmd | -m mod | file | -] [arg] ...
Try `python -h' for more information.

    at genericNodeError (node:internal/errors:984:15)
    at wrappedFn (node:internal/errors:538:14)
    at ChildProcess.exithandler (node:child_process:423:12)
    at ChildProcess.emit (node:events:531:35)
    at maybeClose (node:internal/child_process:1105:16)
    at Socket.<anonymous> (node:internal/child_process:457:11)
    at Socket.emit (node:events:519:28)
    at Pipe.<anonymous> (node:net:339:12) {
  code: 2,
  killed: false,
  signal: null,
  cmd: '/bin/python -I /root/.vscode/extensions/ms-python.python-2024.16.1-linux-x64/python_files/get_output_via_markers.py /root/.vscode/extensions/ms-python.python-2024.16.1-linux-x64/python_files/interpreterInfo.py'
}
2024-10-25 15:28:58.419 [error] Support for Python 2.7 has been dropped by the Python extension so certain features may not work, upgrade to using Python 3.
2024-10-25 15:28:58.425 [info] > /bin/python ~/.vscode/extensions/ms-python.python-2024.16.1-linux-x64/python_files/get_output_via_markers.py ~/.vscode/extensions/ms-python.python-2024.16.1-linux-x64/python_files/interpreterInfo.py
2024-10-25 15:28:58.440 [info] > /bin/python3 -I ~/.vscode/extensions/ms-python.python-2024.16.1-linux-x64/python_files/get_output_via_markers.py ~/.vscode/extensions/ms-python.python-2024.16.1-linux-x64/python_files/interpreterInfo.py
2024-10-25 15:28:58.468 [info] Finished searching for interpreters in posix paths locator: 644 milliseconds
2024-10-25 15:28:58.468 [info] > /usr/bin/python -I ~/.vscode/extensions/ms-python.python-2024.16.1-linux-x64/python_files/get_output_via_markers.py ~/.vscode/extensions/ms-python.python-2024.16.1-linux-x64/python_files/interpreterInfo.py
2024-10-25 15:28:58.471 [warning] Error: Command failed: /usr/bin/python -I /root/.vscode/extensions/ms-python.python-2024.16.1-linux-x64/python_files/get_output_via_markers.py /root/.vscode/extensions/ms-python.python-2024.16.1-linux-x64/python_files/interpreterInfo.py
Unknown option: -I
usage: /usr/bin/python [option] ... [-c cmd | -m mod | file | -] [arg] ...
Try `python -h' for more information.

    at genericNodeError (node:internal/errors:984:15)
    at wrappedFn (node:internal/errors:538:14)
    at ChildProcess.exithandler (node:child_process:423:12)
    at ChildProcess.emit (node:events:531:35)
    at maybeClose (node:internal/child_process:1105:16)
    at Socket.<anonymous> (node:internal/child_process:457:11)
    at Socket.emit (node:events:519:28)
    at Pipe.<anonymous> (node:net:339:12) {
  code: 2,
  killed: false,
  signal: null,
  cmd: '/usr/bin/python -I /root/.vscode/extensions/ms-python.python-2024.16.1-linux-x64/python_files/get_output_via_markers.py /root/.vscode/extensions/ms-python.python-2024.16.1-linux-x64/python_files/interpreterInfo.py'
}
2024-10-25 15:28:58.471 [error] Support for Python 2.7 has been dropped by the Python extension so certain features may not work, upgrade to using Python 3.
2024-10-25 15:28:58.479 [info] > /usr/bin/python ~/.vscode/extensions/ms-python.python-2024.16.1-linux-x64/python_files/get_output_via_markers.py ~/.vscode/extensions/ms-python.python-2024.16.1-linux-x64/python_files/interpreterInfo.py
2024-10-25 15:28:58.496 [info] > /usr/bin/python3 -I ~/.vscode/extensions/ms-python.python-2024.16.1-linux-x64/python_files/get_output_via_markers.py ~/.vscode/extensions/ms-python.python-2024.16.1-linux-x64/python_files/interpreterInfo.py
2024-10-25 15:28:58.496 [info] Environments refresh paths discovered (event): 680 milliseconds
2024-10-25 15:28:58.496 [info] Environments refresh paths discovered: 681 milliseconds
2024-10-25 15:28:58.530 [info] Environments refresh finished (event): 715 milliseconds
2024-10-25 15:28:58.551 [info] Environment refresh took 737 milliseconds
2024-10-25 15:28:58.560 [info] Python interpreter path: /bin/python3
2024-10-25 15:28:59.167 [info] Starting Pylance language server.
2024-10-25 15:42:27.324 [info] Discover tests for workspace name: ros1_ws - uri: /root/ros1_ws/src/robot_pkg/script/lib/lib_if.py
2024-10-25 18:15:29.084 [info] Discover tests for workspace name: ros1_ws - uri: /root/ros1_ws/src/robot_pkg/script/lib/lib_if.py
