2024-10-25 15:28:59.136 [info] (Client) Pylance async client (2024.10.1) started with python extension (2024.16.1)
2024-10-25 15:28:59.152 [info] [Info  - 3:28:59 PM] (1818) Server root directory: file:///root/.vscode/extensions/ms-python.vscode-pylance-2024.10.1/dist
2024-10-25 15:28:59.152 [info] [Info  - 3:28:59 PM] (1818) Pylance language server 2024.10.1 (pyright version 1.1.382, commit e46efc6b) starting
2024-10-25 15:28:59.152 [info] [Info  - 3:28:59 PM] (1818) Starting service instance "ros1_ws"
2024-10-25 15:28:59.213 [info] [Info  - 3:28:59 PM] (1818) Setting environmentName for service "ros1_ws": "3.8.10 (グローバル)"
2024-10-25 15:28:59.213 [info] [Info  - 3:28:59 PM] (1818) Setting pythonPath for service "ros1_ws": "/bin/python3"
2024-10-25 15:28:59.213 [info] [Info  - 3:28:59 PM] (1818) No include entries specified; assuming /root/ros1_ws
2024-10-25 15:28:59.214 [info] [Info  - 3:28:59 PM] (1818) Auto-excluding **/node_modules
2024-10-25 15:28:59.214 [info] [Info  - 3:28:59 PM] (1818) Auto-excluding **/__pycache__
2024-10-25 15:28:59.214 [info] [Info  - 3:28:59 PM] (1818) Auto-excluding **/.*
2024-10-25 15:28:59.238 [info] [Info  - 3:28:59 PM] (1818) Assuming Python version 3.8.10.final.0
2024-10-25 15:28:59.752 [info] [Info  - 3:28:59 PM] (1818) Found 100 source files
2024-10-25 15:28:59.919 [info] [Info  - 3:28:59 PM] (1818) Background analysis(1) root directory: file:///root/.vscode/extensions/ms-python.vscode-pylance-2024.10.1/dist
2024-10-25 15:28:59.919 [info] [Info  - 3:28:59 PM] (1818) Background analysis(1) started
2024-10-25 15:29:00.286 [info] [Info  - 3:29:00 PM] (1818) Indexer background runner(2) root directory: file:///root/.vscode/extensions/ms-python.vscode-pylance-2024.10.1/dist (index)
2024-10-25 15:29:00.286 [info] [Info  - 3:29:00 PM] (1818) Indexing(2) started
2024-10-25 15:29:01.000 [info] [Info  - 3:29:01 PM] (1818) scanned(2) 344 files over 1 exec env
2024-10-25 15:29:01.261 [info] [Info  - 3:29:01 PM] (1818) indexed(2) 344 files over 1 exec env
2024-10-25 15:29:01.326 [info] [Info  - 3:29:01 PM] (1818) Indexing finished(2).
2024-10-25 15:42:31.522 [info] [Info  - 3:42:31 PM] (1818) Setting environmentName for service "ros1_ws": "3.8.10 (グローバル)"
2024-10-25 15:42:31.522 [info] [Info  - 3:42:31 PM] (1818) Setting pythonPath for service "ros1_ws": "/bin/python3"
2024-10-25 15:42:31.522 [info] [Info  - 3:42:31 PM] (1818) No include entries specified; assuming /root/ros1_ws
2024-10-25 15:42:31.522 [info] [Info  - 3:42:31 PM] (1818) Auto-excluding **/node_modules
2024-10-25 15:42:31.522 [info] [Info  - 3:42:31 PM] (1818) Auto-excluding **/__pycache__
2024-10-25 15:42:31.522 [info] [Info  - 3:42:31 PM] (1818) Auto-excluding **/.*
2024-10-25 15:42:31.546 [info] [Info  - 3:42:31 PM] (1818) Assuming Python version 3.8.10.final.0
2024-10-25 15:42:32.025 [info] [Info  - 3:42:32 PM] (1818) Found 100 source files
2024-10-25 15:42:32.701 [info] [Info  - 3:42:32 PM] (1818) Indexer background runner(3) root directory: file:///root/.vscode/extensions/ms-python.vscode-pylance-2024.10.1/dist (index)
2024-10-25 15:42:32.702 [info] [Info  - 3:42:32 PM] (1818) Indexing(3) started
2024-10-25 15:42:33.183 [info] [Info  - 3:42:33 PM] (1818) scanned(3) 344 files over 1 exec env
2024-10-25 15:42:33.531 [info] [Info  - 3:42:33 PM] (1818) indexed(3) 344 files over 1 exec env
2024-10-25 15:42:33.601 [info] [Info  - 3:42:33 PM] (1818) Indexing finished(3).
