2024-10-24 15:40:07.521 [info] Reading sessions from keychain...
2024-10-24 15:40:07.521 [info] Getting sessions for all scopes...
2024-10-24 15:40:07.521 [info] Getting sessions for all scopes...
2024-10-24 15:40:07.521 [info] Got 0 sessions for ...
2024-10-24 15:40:07.521 [info] Got 0 sessions for ...
2024-10-24 15:40:07.521 [info] Getting sessions for read:user,repo,user:email,workflow...
2024-10-24 15:40:07.521 [info] Got 0 sessions for read:user,repo,user:email,workflow...
2024-10-24 15:40:07.521 [info] Getting sessions for all scopes...
2024-10-24 15:40:07.521 [info] Got 0 sessions for ...
2024-10-24 15:40:07.521 [info] Getting sessions for all scopes...
2024-10-24 15:40:07.521 [info] Got 0 sessions for ...
2024-10-24 15:40:07.521 [info] Getting sessions for read:user...
2024-10-24 15:40:07.521 [info] Got 0 sessions for read:user...
2024-10-24 15:40:07.521 [info] Getting sessions for user:email...
2024-10-24 15:40:07.521 [info] Got 0 sessions for user:email...
2024-10-24 15:40:07.521 [info] Getting sessions for read:user,repo,user:email,workflow...
2024-10-24 15:40:07.521 [info] Got 0 sessions for read:user,repo,user:email,workflow...
2024-10-24 15:40:07.521 [info] Getting sessions for project,read:org,read:user,repo,user:email,workflow...
2024-10-24 15:40:07.521 [info] Got 0 sessions for project,read:org,read:user,repo,user:email,workflow...
2024-10-24 15:40:07.566 [info] Getting sessions for user:email...
2024-10-24 15:40:07.566 [info] Got 0 sessions for user:email...
2024-10-24 15:40:07.567 [info] Getting sessions for all scopes...
2024-10-24 15:40:07.567 [info] Got 0 sessions for ...
2024-10-24 15:40:07.568 [info] Getting sessions for read:user,repo,user:email,workflow...
2024-10-24 15:40:07.568 [info] Got 0 sessions for read:user,repo,user:email,workflow...
2024-10-24 15:40:07.624 [info] Getting sessions for user:email...
2024-10-24 15:40:07.624 [info] Got 0 sessions for user:email...
2024-10-24 15:40:07.624 [info] Getting sessions for read:user,repo,user:email...
2024-10-24 15:40:07.624 [info] Got 0 sessions for read:user,repo,user:email...
2024-10-24 15:40:07.626 [info] Getting sessions for all scopes...
2024-10-24 15:40:07.626 [info] Got 0 sessions for ...
2024-10-24 15:40:07.626 [info] Getting sessions for read:user,repo,user:email,workflow...
2024-10-24 15:40:07.626 [info] Got 0 sessions for read:user,repo,user:email,workflow...
2024-10-24 15:40:07.648 [info] Getting sessions for user:email...
2024-10-24 15:40:07.648 [info] Got 0 sessions for user:email...
2024-10-24 15:40:07.658 [info] Getting sessions for all scopes...
2024-10-24 15:40:07.658 [info] Got 0 sessions for ...
2024-10-24 15:40:07.659 [info] Getting sessions for user:email...
2024-10-24 15:40:07.659 [info] Got 0 sessions for user:email...
2024-10-24 15:40:07.660 [info] Getting sessions for all scopes...
2024-10-24 15:40:07.660 [info] Got 0 sessions for ...
2024-10-24 15:40:07.661 [info] Getting sessions for user:email...
2024-10-24 15:40:07.661 [info] Got 0 sessions for user:email...
2024-10-24 15:40:07.710 [info] Getting sessions for all scopes...
2024-10-24 15:40:07.710 [info] Got 0 sessions for ...
2024-10-24 15:40:11.743 [info] Reading sessions from keychain...
2024-10-24 15:40:11.743 [info] Getting sessions for all scopes...
2024-10-24 15:40:11.743 [info] Got 0 sessions for ...
2024-10-24 15:40:11.743 [info] Getting sessions for all scopes...
2024-10-24 15:40:11.743 [info] Got 0 sessions for ...
2024-10-24 15:40:11.937 [info] Getting sessions for project,read:org,read:user,repo,user:email,workflow...
2024-10-24 15:40:11.937 [info] Got 0 sessions for project,read:org,read:user,repo,user:email,workflow...
2024-10-24 15:40:11.940 [info] Getting sessions for read:user,repo,user:email,workflow...
2024-10-24 15:40:11.940 [info] Got 0 sessions for read:user,repo,user:email,workflow...
2024-10-24 15:40:11.941 [info] Getting sessions for read:user,repo,user:email...
2024-10-24 15:40:11.941 [info] Got 0 sessions for read:user,repo,user:email...
2024-10-24 15:40:11.942 [info] Getting sessions for read:user,repo,user:email,workflow...
2024-10-24 15:40:11.942 [info] Got 0 sessions for read:user,repo,user:email,workflow...
2024-10-24 15:40:13.078 [info] Getting sessions for all scopes...
2024-10-24 15:40:13.078 [info] Got 0 sessions for ...
2024-10-24 15:40:22.035 [info] Getting sessions for read:user,repo,user:email,workflow...
2024-10-24 15:40:22.035 [info] Got 0 sessions for read:user,repo,user:email,workflow...
2024-10-24 15:40:22.035 [info] Getting sessions for all scopes...
2024-10-24 15:40:22.035 [info] Got 0 sessions for ...
2024-10-24 15:40:22.035 [info] Getting sessions for all scopes...
2024-10-24 15:40:22.035 [info] Got 0 sessions for ...
2024-10-24 15:40:22.113 [info] Getting sessions for read:user...
2024-10-24 15:40:22.113 [info] Got 0 sessions for read:user...
2024-10-24 15:40:22.113 [info] Getting sessions for user:email...
2024-10-24 15:40:22.113 [info] Got 0 sessions for user:email...
2024-10-24 15:40:22.113 [info] Getting sessions for read:user,repo,user:email,workflow...
2024-10-24 15:40:22.113 [info] Got 0 sessions for read:user,repo,user:email,workflow...
2024-10-24 15:40:22.153 [info] Getting sessions for user:email...
2024-10-24 15:40:22.153 [info] Got 0 sessions for user:email...
2024-10-24 15:40:22.153 [info] Getting sessions for all scopes...
2024-10-24 15:40:22.153 [info] Got 0 sessions for ...
2024-10-24 15:40:22.231 [info] Getting sessions for user:email...
2024-10-24 15:40:22.231 [info] Got 0 sessions for user:email...
2024-10-24 15:40:22.294 [info] Getting sessions for all scopes...
2024-10-24 15:40:22.294 [info] Got 0 sessions for ...
2024-10-24 15:40:22.297 [info] Getting sessions for user:email...
2024-10-24 15:40:22.297 [info] Got 0 sessions for user:email...
2024-10-24 15:40:22.311 [info] Getting sessions for all scopes...
2024-10-24 15:40:22.311 [info] Got 0 sessions for ...
2024-10-24 15:40:22.312 [info] Getting sessions for user:email...
2024-10-24 15:40:22.312 [info] Got 0 sessions for user:email...
2024-10-24 15:40:22.315 [info] Getting sessions for all scopes...
2024-10-24 15:40:22.315 [info] Got 0 sessions for ...
2024-10-24 15:40:22.317 [info] Getting sessions for user:email...
2024-10-24 15:40:22.317 [info] Got 0 sessions for user:email...
2024-10-24 15:40:28.686 [info] Getting sessions for read:org,user:email...
2024-10-24 15:40:28.686 [info] Got 0 sessions for read:org,user:email...
2024-10-24 15:40:45.402 [info] Reading sessions from keychain...
2024-10-24 15:40:45.402 [info] Getting sessions for all scopes...
2024-10-24 15:40:45.402 [info] Getting sessions for all scopes...
2024-10-24 15:40:45.402 [info] Got 0 sessions for ...
2024-10-24 15:40:45.402 [info] Got 0 sessions for ...
2024-10-24 15:40:45.402 [info] Getting sessions for read:user,repo,user:email,workflow...
2024-10-24 15:40:45.402 [info] Got 0 sessions for read:user,repo,user:email,workflow...
2024-10-24 15:40:45.402 [info] Getting sessions for all scopes...
2024-10-24 15:40:45.402 [info] Got 0 sessions for ...
2024-10-24 15:40:45.402 [info] Getting sessions for all scopes...
2024-10-24 15:40:45.402 [info] Got 0 sessions for ...
2024-10-24 15:40:45.520 [info] Getting sessions for read:user...
2024-10-24 15:40:45.520 [info] Got 0 sessions for read:user...
2024-10-24 15:40:45.520 [info] Getting sessions for user:email...
2024-10-24 15:40:45.520 [info] Got 0 sessions for user:email...
2024-10-24 15:40:45.520 [info] Getting sessions for read:user,repo,user:email,workflow...
2024-10-24 15:40:45.520 [info] Got 0 sessions for read:user,repo,user:email,workflow...
2024-10-24 15:40:45.521 [info] Getting sessions for project,read:org,read:user,repo,user:email,workflow...
2024-10-24 15:40:45.521 [info] Got 0 sessions for project,read:org,read:user,repo,user:email,workflow...
2024-10-24 15:40:45.645 [info] Getting sessions for user:email...
2024-10-24 15:40:45.645 [info] Got 0 sessions for user:email...
2024-10-24 15:40:45.669 [info] Getting sessions for all scopes...
2024-10-24 15:40:45.669 [info] Got 0 sessions for ...
2024-10-24 15:40:45.669 [info] Getting sessions for all scopes...
2024-10-24 15:40:45.669 [info] Got 0 sessions for ...
2024-10-24 15:40:45.669 [info] Getting sessions for read:user,repo,user:email,workflow...
2024-10-24 15:40:45.670 [info] Got 0 sessions for read:user,repo,user:email,workflow...
2024-10-24 15:40:45.678 [info] Getting sessions for user:email...
2024-10-24 15:40:45.678 [info] Got 0 sessions for user:email...
2024-10-24 15:40:45.724 [info] Getting sessions for read:user,repo,user:email...
2024-10-24 15:40:45.724 [info] Got 0 sessions for read:user,repo,user:email...
2024-10-24 15:40:45.732 [info] Getting sessions for all scopes...
2024-10-24 15:40:45.733 [info] Got 0 sessions for ...
2024-10-24 15:40:45.733 [info] Getting sessions for all scopes...
2024-10-24 15:40:45.733 [info] Got 0 sessions for ...
2024-10-24 15:40:45.733 [info] Getting sessions for read:user,repo,user:email,workflow...
2024-10-24 15:40:45.733 [info] Got 0 sessions for read:user,repo,user:email,workflow...
2024-10-24 15:40:45.769 [info] Getting sessions for user:email...
2024-10-24 15:40:45.769 [info] Got 0 sessions for user:email...
2024-10-24 15:40:45.811 [info] Getting sessions for all scopes...
2024-10-24 15:40:45.811 [info] Got 0 sessions for ...
2024-10-24 15:40:45.812 [info] Getting sessions for all scopes...
2024-10-24 15:40:45.812 [info] Got 0 sessions for ...
2024-10-24 15:40:45.854 [info] Getting sessions for user:email...
2024-10-24 15:40:45.854 [info] Got 0 sessions for user:email...
2024-10-24 15:40:45.903 [info] Getting sessions for all scopes...
2024-10-24 15:40:45.903 [info] Got 0 sessions for ...
2024-10-24 15:40:45.905 [info] Getting sessions for all scopes...
2024-10-24 15:40:45.905 [info] Got 0 sessions for ...
2024-10-24 15:40:45.912 [info] Getting sessions for user:email...
2024-10-24 15:40:45.912 [info] Got 0 sessions for user:email...
2024-10-24 15:41:29.412 [info] Reading sessions from keychain...
2024-10-24 15:41:29.412 [info] Getting sessions for all scopes...
2024-10-24 15:41:29.412 [info] Got 0 sessions for ...
2024-10-24 15:41:29.412 [info] Getting sessions for all scopes...
2024-10-24 15:41:29.412 [info] Got 0 sessions for ...
2024-10-24 15:41:29.413 [info] Getting sessions for project,read:org,read:user,repo,user:email,workflow...
2024-10-24 15:41:29.413 [info] Got 0 sessions for project,read:org,read:user,repo,user:email,workflow...
2024-10-24 15:41:29.415 [info] Getting sessions for read:user,repo,user:email,workflow...
2024-10-24 15:41:29.415 [info] Got 0 sessions for read:user,repo,user:email,workflow...
2024-10-24 15:41:29.418 [info] Getting sessions for read:user,repo,user:email...
2024-10-24 15:41:29.418 [info] Got 0 sessions for read:user,repo,user:email...
2024-10-24 15:41:29.420 [info] Getting sessions for read:user,repo,user:email,workflow...
2024-10-24 15:41:29.420 [info] Got 0 sessions for read:user,repo,user:email,workflow...
2024-10-24 15:41:30.659 [info] Getting sessions for all scopes...
2024-10-24 15:41:30.659 [info] Got 0 sessions for ...
2024-10-24 15:41:32.131 [info] Getting sessions for read:user,repo,user:email,workflow...
2024-10-24 15:41:32.131 [info] Got 0 sessions for read:user,repo,user:email,workflow...
2024-10-24 15:41:32.160 [info] Getting sessions for all scopes...
2024-10-24 15:41:32.160 [info] Got 0 sessions for ...
2024-10-24 15:41:32.160 [info] Getting sessions for all scopes...
2024-10-24 15:41:32.160 [info] Got 0 sessions for ...
2024-10-24 15:41:32.187 [info] Getting sessions for read:user...
2024-10-24 15:41:32.187 [info] Got 0 sessions for read:user...
2024-10-24 15:41:32.188 [info] Getting sessions for user:email...
2024-10-24 15:41:32.188 [info] Got 0 sessions for user:email...
2024-10-24 15:41:32.188 [info] Getting sessions for read:user,repo,user:email,workflow...
2024-10-24 15:41:32.188 [info] Got 0 sessions for read:user,repo,user:email,workflow...
2024-10-24 15:41:32.190 [info] Getting sessions for user:email...
2024-10-24 15:41:32.190 [info] Got 0 sessions for user:email...
2024-10-24 15:41:32.190 [info] Getting sessions for all scopes...
2024-10-24 15:41:32.190 [info] Got 0 sessions for ...
2024-10-24 15:41:32.190 [info] Getting sessions for all scopes...
2024-10-24 15:41:32.190 [info] Got 0 sessions for ...
2024-10-24 15:41:32.273 [info] Getting sessions for user:email...
2024-10-24 15:41:32.273 [info] Got 0 sessions for user:email...
2024-10-24 15:41:32.286 [info] Getting sessions for all scopes...
2024-10-24 15:41:32.286 [info] Got 0 sessions for ...
2024-10-24 15:41:32.288 [info] Getting sessions for all scopes...
2024-10-24 15:41:32.288 [info] Got 0 sessions for ...
2024-10-24 15:41:32.291 [info] Getting sessions for user:email...
2024-10-24 15:41:32.291 [info] Got 0 sessions for user:email...
2024-10-24 15:41:32.295 [info] Getting sessions for all scopes...
2024-10-24 15:41:32.295 [info] Got 0 sessions for ...
2024-10-24 15:41:32.295 [info] Getting sessions for all scopes...
2024-10-24 15:41:32.295 [info] Got 0 sessions for ...
2024-10-24 15:41:32.296 [info] Getting sessions for user:email...
2024-10-24 15:41:32.296 [info] Got 0 sessions for user:email...
2024-10-24 15:41:32.299 [info] Getting sessions for all scopes...
2024-10-24 15:41:32.299 [info] Got 0 sessions for ...
2024-10-24 15:41:32.302 [info] Getting sessions for user:email...
2024-10-24 15:41:32.302 [info] Got 0 sessions for user:email...
2024-10-24 15:41:34.462 [info] Getting sessions for read:org,user:email...
2024-10-24 15:41:34.462 [info] Got 0 sessions for read:org,user:email...
