2024-10-25 20:07:27.434 [info] Reading sessions from keychain...
2024-10-25 20:07:27.434 [info] Getting sessions for all scopes...
2024-10-25 20:07:27.434 [info] Getting sessions for all scopes...
2024-10-25 20:07:27.434 [info] Got 0 sessions for ...
2024-10-25 20:07:27.434 [info] Got 0 sessions for ...
2024-10-25 20:07:27.434 [info] Getting sessions for read:user,repo,user:email,workflow...
2024-10-25 20:07:27.434 [info] Got 0 sessions for read:user,repo,user:email,workflow...
2024-10-25 20:07:27.434 [info] Getting sessions for all scopes...
2024-10-25 20:07:27.434 [info] Got 0 sessions for ...
2024-10-25 20:07:27.434 [info] Getting sessions for all scopes...
2024-10-25 20:07:27.434 [info] Got 0 sessions for ...
2024-10-25 20:07:27.434 [info] Getting sessions for read:user...
2024-10-25 20:07:27.434 [info] Got 0 sessions for read:user...
2024-10-25 20:07:27.434 [info] Getting sessions for user:email...
2024-10-25 20:07:27.434 [info] Got 0 sessions for user:email...
2024-10-25 20:07:27.434 [info] Getting sessions for read:user,repo,user:email,workflow...
2024-10-25 20:07:27.434 [info] Got 0 sessions for read:user,repo,user:email,workflow...
2024-10-25 20:07:27.434 [info] Getting sessions for project,read:org,read:user,repo,user:email,workflow...
2024-10-25 20:07:27.434 [info] Got 0 sessions for project,read:org,read:user,repo,user:email,workflow...
2024-10-25 20:07:27.519 [info] Getting sessions for user:email...
2024-10-25 20:07:27.519 [info] Got 0 sessions for user:email...
2024-10-25 20:07:27.519 [info] Getting sessions for all scopes...
2024-10-25 20:07:27.519 [info] Got 0 sessions for ...
2024-10-25 20:07:27.520 [info] Getting sessions for read:user,repo,user:email,workflow...
2024-10-25 20:07:27.520 [info] Got 0 sessions for read:user,repo,user:email,workflow...
2024-10-25 20:07:27.583 [info] Getting sessions for user:email...
2024-10-25 20:07:27.583 [info] Got 0 sessions for user:email...
2024-10-25 20:07:27.583 [info] Getting sessions for read:user,repo,user:email...
2024-10-25 20:07:27.583 [info] Got 0 sessions for read:user,repo,user:email...
2024-10-25 20:07:27.586 [info] Getting sessions for all scopes...
2024-10-25 20:07:27.586 [info] Got 0 sessions for ...
2024-10-25 20:07:27.586 [info] Getting sessions for read:user,repo,user:email,workflow...
2024-10-25 20:07:27.586 [info] Got 0 sessions for read:user,repo,user:email,workflow...
2024-10-25 20:07:27.608 [info] Getting sessions for user:email...
2024-10-25 20:07:27.608 [info] Got 0 sessions for user:email...
2024-10-25 20:07:27.621 [info] Getting sessions for all scopes...
2024-10-25 20:07:27.621 [info] Got 0 sessions for ...
2024-10-25 20:07:27.622 [info] Getting sessions for user:email...
2024-10-25 20:07:27.622 [info] Got 0 sessions for user:email...
2024-10-25 20:07:27.623 [info] Getting sessions for all scopes...
2024-10-25 20:07:27.623 [info] Got 0 sessions for ...
2024-10-25 20:07:27.623 [info] Getting sessions for user:email...
2024-10-25 20:07:27.623 [info] Got 0 sessions for user:email...
2024-10-25 20:07:27.859 [info] Getting sessions for all scopes...
2024-10-25 20:07:27.859 [info] Got 0 sessions for ...
