2024-10-25 20:06:13.344 [info] Reading sessions from keychain...
2024-10-25 20:06:13.344 [info] Getting sessions for all scopes...
2024-10-25 20:06:13.344 [info] Getting sessions for all scopes...
2024-10-25 20:06:13.344 [info] Got 0 sessions for ...
2024-10-25 20:06:13.344 [info] Got 0 sessions for ...
2024-10-25 20:06:13.344 [info] Getting sessions for read:user,repo,user:email,workflow...
2024-10-25 20:06:13.344 [info] Got 0 sessions for read:user,repo,user:email,workflow...
2024-10-25 20:06:13.344 [info] Getting sessions for all scopes...
2024-10-25 20:06:13.344 [info] Got 0 sessions for ...
2024-10-25 20:06:13.344 [info] Getting sessions for all scopes...
2024-10-25 20:06:13.344 [info] Got 0 sessions for ...
2024-10-25 20:06:13.344 [info] Getting sessions for read:user...
2024-10-25 20:06:13.344 [info] Got 0 sessions for read:user...
2024-10-25 20:06:13.344 [info] Getting sessions for user:email...
2024-10-25 20:06:13.344 [info] Got 0 sessions for user:email...
2024-10-25 20:06:13.344 [info] Getting sessions for read:user,repo,user:email,workflow...
2024-10-25 20:06:13.344 [info] Got 0 sessions for read:user,repo,user:email,workflow...
2024-10-25 20:06:13.344 [info] Getting sessions for project,read:org,read:user,repo,user:email,workflow...
2024-10-25 20:06:13.344 [info] Got 0 sessions for project,read:org,read:user,repo,user:email,workflow...
2024-10-25 20:06:13.386 [info] Getting sessions for user:email...
2024-10-25 20:06:13.386 [info] Got 0 sessions for user:email...
2024-10-25 20:06:13.387 [info] Getting sessions for all scopes...
2024-10-25 20:06:13.387 [info] Got 0 sessions for ...
2024-10-25 20:06:13.388 [info] Getting sessions for read:user,repo,user:email,workflow...
2024-10-25 20:06:13.388 [info] Got 0 sessions for read:user,repo,user:email,workflow...
2024-10-25 20:06:13.443 [info] Getting sessions for user:email...
2024-10-25 20:06:13.443 [info] Got 0 sessions for user:email...
2024-10-25 20:06:13.443 [info] Getting sessions for read:user,repo,user:email...
2024-10-25 20:06:13.443 [info] Got 0 sessions for read:user,repo,user:email...
2024-10-25 20:06:13.445 [info] Getting sessions for all scopes...
2024-10-25 20:06:13.445 [info] Got 0 sessions for ...
2024-10-25 20:06:13.445 [info] Getting sessions for read:user,repo,user:email,workflow...
2024-10-25 20:06:13.445 [info] Got 0 sessions for read:user,repo,user:email,workflow...
2024-10-25 20:06:13.475 [info] Getting sessions for user:email...
2024-10-25 20:06:13.475 [info] Got 0 sessions for user:email...
2024-10-25 20:06:13.480 [info] Getting sessions for all scopes...
2024-10-25 20:06:13.480 [info] Got 0 sessions for ...
2024-10-25 20:06:13.482 [info] Getting sessions for user:email...
2024-10-25 20:06:13.482 [info] Got 0 sessions for user:email...
2024-10-25 20:06:13.483 [info] Getting sessions for all scopes...
2024-10-25 20:06:13.483 [info] Got 0 sessions for ...
2024-10-25 20:06:13.483 [info] Getting sessions for user:email...
2024-10-25 20:06:13.483 [info] Got 0 sessions for user:email...
2024-10-25 20:06:13.871 [info] Getting sessions for all scopes...
2024-10-25 20:06:13.871 [info] Got 0 sessions for ...
