2024-10-25 18:33:58.203 [info] [Info  - 6:33:58 PM] (2743) Server root directory: file:///root/.vscode/extensions/ms-python.vscode-pylance-2024.10.1/dist
2024-10-25 18:33:58.203 [info] [Info  - 6:33:58 PM] (2743) Pylance language server 2024.10.1 (pyright version 1.1.382, commit e46efc6b) starting
2024-10-25 18:33:58.203 [info] [Info  - 6:33:58 PM] (2743) Starting service instance "ros1_ws"
2024-10-25 18:33:58.239 [info] [Info  - 6:33:58 PM] (2743) Setting environmentName for service "ros1_ws": "3.8.10 (グローバル)"
2024-10-25 18:33:58.239 [info] [Info  - 6:33:58 PM] (2743) Setting pythonPath for service "ros1_ws": "/bin/python3"
2024-10-25 18:33:58.240 [info] [Info  - 6:33:58 PM] (2743) No include entries specified; assuming /root/ros1_ws
2024-10-25 18:33:58.240 [info] [Info  - 6:33:58 PM] (2743) Auto-excluding **/node_modules
2024-10-25 18:33:58.241 [info] [Info  - 6:33:58 PM] (2743) Auto-excluding **/__pycache__
2024-10-25 18:33:58.241 [info] [Info  - 6:33:58 PM] (2743) Auto-excluding **/.*
2024-10-25 18:33:58.260 [info] [Info  - 6:33:58 PM] (2743) Assuming Python version 3.8.10.final.0
2024-10-25 18:33:58.753 [info] [Info  - 6:33:58 PM] (2743) Found 100 source files
2024-10-25 18:33:58.904 [info] [Info  - 6:33:58 PM] (2743) Background analysis(1) root directory: file:///root/.vscode/extensions/ms-python.vscode-pylance-2024.10.1/dist
2024-10-25 18:33:58.905 [info] [Info  - 6:33:58 PM] (2743) Background analysis(1) started
2024-10-25 18:33:59.374 [info] [Info  - 6:33:59 PM] (2743) Indexer background runner(2) root directory: file:///root/.vscode/extensions/ms-python.vscode-pylance-2024.10.1/dist (index)
2024-10-25 18:33:59.374 [info] [Info  - 6:33:59 PM] (2743) Indexing(2) started
2024-10-25 18:33:59.979 [info] [Info  - 6:33:59 PM] (2743) scanned(2) 344 files over 1 exec env
2024-10-25 18:34:00.189 [info] [Info  - 6:34:00 PM] (2743) indexed(2) 344 files over 1 exec env
2024-10-25 18:34:00.250 [info] [Info  - 6:34:00 PM] (2743) Indexing finished(2).
2024-10-25 18:34:07.874 [info] (Client) The existing extension didn't exit within 10 seconds. New instance will start, but you might encounter issues.
2024-10-25 18:34:07.874 [info] (Client) Pylance async client (2024.10.1) started with python extension (2024.16.1)
2024-10-25 18:35:38.568 [info] [Info  - 6:35:38 PM] (2743) Indexer background runner(3) root directory: file:///root/.vscode/extensions/ms-python.vscode-pylance-2024.10.1/dist (refresh)
2024-10-25 18:35:38.568 [info] [Info  - 6:35:38 PM] (2743) Indexing(3) started
2024-10-25 18:35:38.865 [info] [Info  - 6:35:38 PM] (2743) scanned(3) 344 files over 1 exec env
2024-10-25 18:35:39.046 [info] [Info  - 6:35:39 PM] (2743) indexed(3) 344 files over 1 exec env
2024-10-25 18:35:39.084 [info] [Info  - 6:35:39 PM] (2743) Indexing finished(3).
