2024-10-25 18:33:56.710 [info] Experiment 'pythonRecommendTensorboardExt' is active
2024-10-25 18:33:56.710 [info] Experiment 'pythonTerminalEnvVarActivation' is active
2024-10-25 18:33:56.710 [info] Experiment 'pythonTestAdapter' is active
2024-10-25 18:33:56.736 [warning] Dir "/root/ros1_ws/.pixi/envs" is not watchable (directory does not exist)
2024-10-25 18:33:56.777 [info] Default formatter is set to null for workspace /root/ros1_ws
2024-10-25 18:33:56.786 [info] Starting Environment refresh
2024-10-25 18:33:56.786 [info] Searching for interpreters in posix paths locator
2024-10-25 18:33:56.800 [info] Searching for pyenv environments
2024-10-25 18:33:56.800 [info] Searching for conda environments
2024-10-25 18:33:56.800 [info] Searching for global virtual environments
2024-10-25 18:33:56.800 [info] Searching for custom virtual environments
2024-10-25 18:33:56.810 [info] pyenv is not installed
2024-10-25 18:33:56.810 [info] Finished searching for pyenv environments: 21 milliseconds
2024-10-25 18:33:56.811 [info] Finished searching for custom virtual envs: 16 milliseconds
2024-10-25 18:33:56.820 [info] > conda info --json
2024-10-25 18:33:56.829 [info] > pixi --version
2024-10-25 18:33:56.837 [info] > hatch env show --json
2024-10-25 18:33:56.837 [info] cwd: .
2024-10-25 18:33:56.853 [info] > pyenv which python
2024-10-25 18:33:56.854 [info] cwd: .
2024-10-25 18:33:56.854 [info] Finished searching for global virtual envs: 60 milliseconds
2024-10-25 18:33:56.864 [info] Found: /bin/python --> /bin/python2.7
2024-10-25 18:33:56.867 [info] Found: /bin/python2 --> /bin/python2.7
2024-10-25 18:33:56.867 [info] Found: /bin/python2.7 --> /bin/python2.7
2024-10-25 18:33:56.869 [info] Found: /bin/python3 --> /bin/python3.8
2024-10-25 18:33:56.869 [info] Found: /bin/python3.8 --> /bin/python3.8
2024-10-25 18:33:56.897 [info] Found: /usr/bin/python --> /usr/bin/python2.7
2024-10-25 18:33:56.898 [info] Found: /usr/bin/python2 --> /usr/bin/python2.7
2024-10-25 18:33:56.898 [info] Found: /usr/bin/python2.7 --> /usr/bin/python2.7
2024-10-25 18:33:56.899 [info] Found: /usr/bin/python3 --> /usr/bin/python3.8
2024-10-25 18:33:56.899 [info] Found: /usr/bin/python3.8 --> /usr/bin/python3.8
2024-10-25 18:33:56.947 [info] > /bin/python -I ~/.vscode/extensions/ms-python.python-2024.16.1-linux-x64/python_files/get_output_via_markers.py ~/.vscode/extensions/ms-python.python-2024.16.1-linux-x64/python_files/interpreterInfo.py
2024-10-25 18:33:56.950 [warning] Error: Command failed: /bin/python -I /root/.vscode/extensions/ms-python.python-2024.16.1-linux-x64/python_files/get_output_via_markers.py /root/.vscode/extensions/ms-python.python-2024.16.1-linux-x64/python_files/interpreterInfo.py
Unknown option: -I
usage: /bin/python [option] ... [-c cmd | -m mod | file | -] [arg] ...
Try `python -h' for more information.

    at genericNodeError (node:internal/errors:984:15)
    at wrappedFn (node:internal/errors:538:14)
    at ChildProcess.exithandler (node:child_process:423:12)
    at ChildProcess.emit (node:events:531:35)
    at maybeClose (node:internal/child_process:1105:16)
    at Socket.<anonymous> (node:internal/child_process:457:11)
    at Socket.emit (node:events:519:28)
    at Pipe.<anonymous> (node:net:339:12) {
  code: 2,
  killed: false,
  signal: null,
  cmd: '/bin/python -I /root/.vscode/extensions/ms-python.python-2024.16.1-linux-x64/python_files/get_output_via_markers.py /root/.vscode/extensions/ms-python.python-2024.16.1-linux-x64/python_files/interpreterInfo.py'
}
2024-10-25 18:33:56.950 [error] Support for Python 2.7 has been dropped by the Python extension so certain features may not work, upgrade to using Python 3.
2024-10-25 18:33:56.960 [info] > /bin/python ~/.vscode/extensions/ms-python.python-2024.16.1-linux-x64/python_files/get_output_via_markers.py ~/.vscode/extensions/ms-python.python-2024.16.1-linux-x64/python_files/interpreterInfo.py
2024-10-25 18:33:56.979 [info] > /bin/python3 -I ~/.vscode/extensions/ms-python.python-2024.16.1-linux-x64/python_files/get_output_via_markers.py ~/.vscode/extensions/ms-python.python-2024.16.1-linux-x64/python_files/interpreterInfo.py
2024-10-25 18:33:57.578 [info] Finished searching for interpreters in posix paths locator: 783 milliseconds
2024-10-25 18:33:57.578 [info] > /usr/bin/python -I ~/.vscode/extensions/ms-python.python-2024.16.1-linux-x64/python_files/get_output_via_markers.py ~/.vscode/extensions/ms-python.python-2024.16.1-linux-x64/python_files/interpreterInfo.py
2024-10-25 18:33:57.593 [warning] Error: Command failed: /usr/bin/python -I /root/.vscode/extensions/ms-python.python-2024.16.1-linux-x64/python_files/get_output_via_markers.py /root/.vscode/extensions/ms-python.python-2024.16.1-linux-x64/python_files/interpreterInfo.py
Unknown option: -I
usage: /usr/bin/python [option] ... [-c cmd | -m mod | file | -] [arg] ...
Try `python -h' for more information.

    at genericNodeError (node:internal/errors:984:15)
    at wrappedFn (node:internal/errors:538:14)
    at ChildProcess.exithandler (node:child_process:423:12)
    at ChildProcess.emit (node:events:531:35)
    at maybeClose (node:internal/child_process:1105:16)
    at Socket.<anonymous> (node:internal/child_process:457:11)
    at Socket.emit (node:events:519:28)
    at Pipe.<anonymous> (node:net:339:12) {
  code: 2,
  killed: false,
  signal: null,
  cmd: '/usr/bin/python -I /root/.vscode/extensions/ms-python.python-2024.16.1-linux-x64/python_files/get_output_via_markers.py /root/.vscode/extensions/ms-python.python-2024.16.1-linux-x64/python_files/interpreterInfo.py'
}
2024-10-25 18:33:57.594 [error] Support for Python 2.7 has been dropped by the Python extension so certain features may not work, upgrade to using Python 3.
2024-10-25 18:33:57.602 [info] > /usr/bin/python ~/.vscode/extensions/ms-python.python-2024.16.1-linux-x64/python_files/get_output_via_markers.py ~/.vscode/extensions/ms-python.python-2024.16.1-linux-x64/python_files/interpreterInfo.py
2024-10-25 18:33:57.623 [info] > /usr/bin/python3 -I ~/.vscode/extensions/ms-python.python-2024.16.1-linux-x64/python_files/get_output_via_markers.py ~/.vscode/extensions/ms-python.python-2024.16.1-linux-x64/python_files/interpreterInfo.py
2024-10-25 18:33:57.623 [info] Environments refresh paths discovered (event): 839 milliseconds
2024-10-25 18:33:57.623 [info] Environments refresh paths discovered: 839 milliseconds
2024-10-25 18:33:57.652 [info] Environments refresh finished (event): 868 milliseconds
2024-10-25 18:33:57.661 [info] Environment refresh took 876 milliseconds
2024-10-25 18:33:57.674 [info] Python interpreter path: /bin/python3
2024-10-25 18:34:07.875 [info] Starting Pylance language server.
2024-10-25 18:37:22.342 [info] Discover tests for workspace name: ros1_ws - uri: /root/ros1_ws/src/robot_pkg/script/lib/lib_if.py
2024-10-25 18:45:06.274 [info] Discover tests for workspace name: ros1_ws - uri: /root/ros1_ws/src/robot_pkg/script/lib/lib_if.py
2024-10-25 18:45:38.307 [info] Discover tests for workspace name: ros1_ws - uri: /root/ros1_ws/src/robot_pkg/script/lib/lib_if.py
2024-10-25 18:46:06.777 [info] Discover tests for workspace name: ros1_ws - uri: /root/ros1_ws/src/robot_pkg/script/node/gui_node.py
2024-10-25 19:25:05.309 [info] Discover tests for workspace name: ros1_ws - uri: /root/ros1_ws/src/robot_pkg/script/node/開発版/gui_node (original).py
2024-10-25 19:29:56.295 [info] Discover tests for workspace name: ros1_ws - uri: /root/ros1_ws/src/robot_pkg/script/node/開発版/gui_node (ミニマップ).py
2024-10-25 19:32:05.691 [info] Discover tests for workspace name: ros1_ws - uri: /root/ros1_ws/src/robot_pkg/script/test/map_laser_read1kai_def.py
2024-10-25 19:33:08.526 [info] Discover tests for workspace name: ros1_ws - uri: /root/ros1_ws/src/robot_pkg/script/node/開発版/gui_node (仮置き場).py
2024-10-25 19:34:22.483 [info] Discover tests for workspace name: ros1_ws - uri: /root/ros1_ws/src/robot_pkg/script/test/test_pad.py
2024-10-25 19:35:36.037 [info] Discover tests for workspace name: ros1_ws - uri: /root/ros1_ws/src/robot_pkg/script/test/test_pyqt.py
2024-10-25 19:36:27.786 [info] Discover tests for workspace name: ros1_ws - uri: /root/ros1_ws/src/robot_pkg/script/test/unsearch+UI4_5.py
2024-10-25 19:38:48.346 [info] Discover tests for workspace name: ros1_ws - uri: /root/ros1_ws/src/robot_pkg/script/lib/lib_if (original).py
2024-10-25 19:39:54.835 [info] Discover tests for workspace name: ros1_ws - uri: /root/ros1_ws/src/robot_pkg/script/test/unsearch+UI4_5.py
2024-10-25 19:40:31.542 [info] Discover tests for workspace name: ros1_ws - uri: /root/ros1_ws/src/robot_pkg/script/test/map_laser_read1kai_def.py
2024-10-25 19:40:34.262 [info] Discover tests for workspace name: ros1_ws - uri: /root/ros1_ws/src/robot_pkg/script/test/map_laser_read1kai_def.py
2024-10-25 19:40:54.516 [info] Discover tests for workspace name: ros1_ws - uri: /root/ros1_ws/src/robot_pkg/script/test/map_laser_read1kai_def.py
2024-10-25 19:59:17.960 [info] Discover tests for workspace name: ros1_ws - uri: /root/ros1_ws/src/robot_pkg/script/lib/lib_if.py
2024-10-25 19:59:24.841 [info] Discover tests for workspace name: ros1_ws - uri: /root/ros1_ws/src/robot_pkg/script/lib/lib_if.py
2024-10-25 19:59:42.893 [info] Discover tests for workspace name: ros1_ws - uri: /root/ros1_ws/src/robot_pkg/script/lib/lib_if.py
2024-10-25 20:03:28.596 [info] Discover tests for workspace name: ros1_ws - uri: /root/ros1_ws/src/robot_pkg/script/node/gui_node.py
