2024-10-31 11:46:19.903 [warning] /root/.ssh/config: ENOENT: no such file or directory, open '/root/.ssh/config'
2024-10-31 11:46:19.903 [info] Activation> Extension version: 0.98.0
2024-10-31 11:46:19.903 [info] TemporaryState> Error in initialization: Unable to delete nonexistent file 'vscode-userdata:/root/ros1_ws/src/robot_pkg/script/lib/~/.vscode-root/User/globalStorage/github.vscode-pull-request-github/temp'
2024-10-31 11:46:20.080 [info] Looking for git repository
2024-10-31 11:46:20.080 [info] Found 0 repositories during activation
2024-10-31 11:46:20.080 [info] Git repository found, initializing review manager and pr tree view.
2024-10-31 11:46:20.081 [info] Registering git provider
2024-10-31 11:46:38.215 [warning] /root/.ssh/config: ENOENT: no such file or directory, open '/root/.ssh/config'
2024-10-31 11:46:38.215 [info] Activation> Extension version: 0.98.0
2024-10-31 11:46:38.299 [info] Looking for git repository
2024-10-31 11:46:38.299 [info] Found 0 repositories during activation
2024-10-31 11:46:38.299 [info] Git repository found, initializing review manager and pr tree view.
2024-10-31 11:46:41.213 [info] Registering git provider
2024-10-31 11:46:41.322 [info] Repository file:///root/ros1_ws has been opened
2024-10-31 11:46:41.511 [info] Git initialization state changed: state=initialized
2024-10-31 11:46:41.511 [info] Review+0> Validate state in progress
2024-10-31 11:46:41.511 [info] Review+0> Validating state...
2024-10-31 11:46:41.511 [warning] No remotes found. The following remotes are missing: origin, upstream
2024-10-31 11:46:41.511 [info] No GitHub remotes found for folder /root/ros1_ws
2024-10-31 11:46:41.512 [info] Trying to use globalState for assignableUsers.
2024-10-31 11:46:41.527 [info] GlobalState does not exist for assignableUsers.
2024-10-31 11:46:41.541 [info] Review+0> No matching pull request metadata found locally for current branch master
2024-10-31 11:46:41.555 [info] Review+0> No matching pull request metadata found on GitHub for current branch master
