2024-10-25 18:32:56.642 [warning] /root/.ssh/config: ENOENT: no such file or directory, open '/root/.ssh/config'
2024-10-25 18:32:56.642 [info] Activation> Extension version: 0.98.0
2024-10-25 18:32:56.768 [info] Looking for git repository
2024-10-25 18:32:56.768 [info] Found 0 repositories during activation
2024-10-25 18:32:56.768 [info] Git repository found, initializing review manager and pr tree view.
2024-10-25 18:32:56.769 [info] Registering git provider
2024-10-25 18:33:05.199 [warning] /root/.ssh/config: ENOENT: no such file or directory, open '/root/.ssh/config'
2024-10-25 18:33:05.199 [info] Activation> Extension version: 0.98.0
2024-10-25 18:33:05.287 [info] Looking for git repository
2024-10-25 18:33:05.287 [info] Found 0 repositories during activation
2024-10-25 18:33:05.287 [info] Git repository found, initializing review manager and pr tree view.
2024-10-25 18:33:07.606 [info] Registering git provider
2024-10-25 18:33:07.766 [info] Repository file:///root/ros1_ws has been opened
2024-10-25 18:33:07.870 [info] Git initialization state changed: state=initialized
2024-10-25 18:33:07.870 [info] Review+0> Validate state in progress
2024-10-25 18:33:07.870 [info] Review+0> Validating state...
2024-10-25 18:33:07.870 [warning] No remotes found. The following remotes are missing: origin, upstream
2024-10-25 18:33:07.870 [info] No GitHub remotes found for folder /root/ros1_ws
2024-10-25 18:33:07.871 [info] Trying to use globalState for assignableUsers.
2024-10-25 18:33:07.889 [info] Review+0> No matching pull request metadata found locally for current branch master
2024-10-25 18:33:07.890 [info] GlobalState does not exist for assignableUsers.
2024-10-25 18:33:07.902 [info] Review+0> No matching pull request metadata found on GitHub for current branch master
